Arguments: 
  C:\Program Files\nodejs\node.exe C:\Program Files (x86)\Yarn\bin\yarn.js add chai

PATH: 
  C:\Users\vladyslav.poltoratsk\Desktop\Git\JSHomeWork\node_modules\.bin;C:\Python39\Scripts\;C:\Python39\;C:\Program Files (x86)\Common Files\Oracle\Java\javapath;C:\WINDOWS\system32;C:\WINDOWS;C:\WINDOWS\System32\Wbem;C:\WINDOWS\System32\WindowsPowerShell\v1.0\;C:\WINDOWS\System32\OpenSSH\;C:\Program Files\Intel\WiFi\bin\;C:\Program Files\Common Files\Intel\WirelessCommon\;C:\Program Files\PuTTY\;C:\Program Files\OpenVPN\bin;C:\Program Files\Git\cmd;C:\Program Files (x86)\Yarn\bin\;C:\ProgramData\chocolatey\bin;C:\Program Files\nodejs\;C:\Users\vladyslav.poltoratsk\AppData\Local\Programs\Python\Python39\Scripts\;C:\Users\vladyslav.poltoratsk\AppData\Local\Programs\Python\Python39\;C:\Users\vladyslav.poltoratsk\AppData\Local\Microsoft\WindowsApps;;C:\Users\vladyslav.poltoratsk\AppData\Local\Yarn\bin;C:\Users\vladyslav.poltoratsk\AppData\Roaming\npm

Yarn version: 
  1.22.5

Node version: 
  14.17.0

Platform: 
  win32 x64

Trace: 
  SyntaxError: C:\Users\vladyslav.poltoratsk\Desktop\Git\JSHomeWork\package.json: Unexpected token / in JSON at position 511
      at JSON.parse (<anonymous>)
      at C:\Program Files (x86)\Yarn\lib\cli.js:1625:59
      at Generator.next (<anonymous>)
      at step (C:\Program Files (x86)\Yarn\lib\cli.js:310:30)
      at C:\Program Files (x86)\Yarn\lib\cli.js:321:13

npm manifest: 
  {
    "name": "qa",
    "scripts": {
      "e2e-dev-local": "protractor protractor.conf.js"
    },
    "private": true,
    "dependencies": {
      "allure-commandline": "^2.13.0",
      "cross-env": "^6.0.3",
      "jasmine-allure-reporter": "^1.0.2",
      "node.js": "0.0.1-security",
      "nodejs": "0.0.0",
      "protractor-fail-fast": "^3.1.0",
      "require.js": "^1.0.0",
      "superagent": "^5.1.0",
      "superagent-proxy": "^2.0.0",
      "testrail-api": "^1.3.5"
    },
    "devDependencies": {
      "@types/jasminewd2": "~2.0.3",
  //    "chai": "^4.3.4",
      "jasmine-core": "~3.4.0",
      "jasmine-spec-reporter": "~4.2.1",
      "protractor": "~5.4.2"
    }
  }

yarn manifest: 
  No manifest

Lockfile: 
  # THIS IS AN AUTOGENERATED FILE. DO NOT EDIT THIS FILE DIRECTLY.
  # yarn lockfile v1
  
  
  "@tootallnate/once@1":
    version "1.1.2"
    resolved "https://registry.npmjs.org/@tootallnate/once/-/once-1.1.2.tgz"
    integrity sha512-RbzJvlNzmRq5c3O09UipeuXno4tA1FE6ikOjxZK0tuxVv3412l64l5t1W5pj4+rJq9vpkm/kwiR07aZXnsKPxw==
  
  "@types/jasmine@*":
    version "3.7.6"
    resolved "https://registry.npmjs.org/@types/jasmine/-/jasmine-3.7.6.tgz"
    integrity sha512-7Z6PZskqJZL7grgTg6L0JYLqaP6rEAecBZvHz3bzVZVMeun2kQ3QZ6Wx+cFjvjAR7le9p066WBDzLDobz9rlyQ==
  
  "@types/jasminewd2@~2.0.3":
    version "2.0.9"
    resolved "https://registry.npmjs.org/@types/jasminewd2/-/jasminewd2-2.0.9.tgz"
    integrity sha512-Oz+Faunpe2SimFvkMYMXxpK89WXl7rZHG8abTOKcGndu4xOoSbUZ+jUdZ0LQpmDqPEGLBWXF/yZP1tlsplGhzw==
    dependencies:
      "@types/jasmine" "*"
  
  "@types/q@^0.0.32":
    version "0.0.32"
    resolved "https://registry.npmjs.org/@types/q/-/q-0.0.32.tgz"
    integrity sha1-vShOV8hPEyXacCur/IKlMoGQwMU=
  
  "@types/selenium-webdriver@^3.0.0":
    version "3.0.17"
    resolved "https://registry.npmjs.org/@types/selenium-webdriver/-/selenium-webdriver-3.0.17.tgz"
    integrity sha512-tGomyEuzSC1H28y2zlW6XPCaDaXFaD6soTdb4GNdmte2qfHtrKqhy0ZFs4r/1hpazCfEZqeTSRLvSasmEx89uw==
  
  adm-zip@^0.4.9:
    version "0.4.16"
    resolved "https://registry.npmjs.org/adm-zip/-/adm-zip-0.4.16.tgz"
    integrity sha512-TFi4HBKSGfIKsK5YCkKaaFG2m4PEDyViZmEwof3MTIgzimHLto6muaHVpbrljdIvIrFZzEq/p4nafOeLcYegrg==
  
  agent-base@6, agent-base@^6.0.0:
    version "6.0.2"
    resolved "https://registry.npmjs.org/agent-base/-/agent-base-6.0.2.tgz"
    integrity sha512-RZNwNclF7+MS/8bDg70amg32dyeZGZxiDuQmZxKLAlQjr3jGyLx+4Kkk58UO7D2QdgFIQCovuSuZESne6RG6XQ==
    dependencies:
      debug "4"
  
  agent-base@^4.3.0:
    version "4.3.0"
    resolved "https://registry.npmjs.org/agent-base/-/agent-base-4.3.0.tgz"
    integrity sha512-salcGninV0nPrwpGNn4VTXBb1SOuXQBiqbrNXoeizJsHrsL6ERFM2Ne3JUSBWRE6aeNJI2ROP/WEEIDUiDe3cg==
    dependencies:
      es6-promisify "^5.0.0"
  
  ajv@^6.12.3:
    version "6.12.6"
    resolved "https://registry.npmjs.org/ajv/-/ajv-6.12.6.tgz"
    integrity sha512-j3fVLgvTo527anyYyJOGTYJbG+vnnQYvE0m5mmkc1TK+nxAppkCLMIL0aZ4dblVCNoGShhm+kzE4ZUykBoMg4g==
    dependencies:
      fast-deep-equal "^3.1.1"
      fast-json-stable-stringify "^2.0.0"
      json-schema-traverse "^0.4.1"
      uri-js "^4.2.2"
  
  allure-commandline@^2.13.0:
    version "2.13.8"
    resolved "https://registry.npmjs.org/allure-commandline/-/allure-commandline-2.13.8.tgz"
    integrity sha512-LxP4a/nigaH1al6TZU+JVio8j205XXYhL2ATG22tU2F7xTlEkO4SbAUY8Bq366J6C136EdZAoFUeEsGrJsI7BA==
  
  allure-js-commons@^1.3.1:
    version "1.3.2"
    resolved "https://registry.npmjs.org/allure-js-commons/-/allure-js-commons-1.3.2.tgz"
    integrity sha512-FTmoqP36ZjHFT4iLdYamyCFhyj1jqD6BIdiZ5pBlyafDJrFRV76XIXNxwRqbHpSw40o1vHzYi4vGpmREnhnHVw==
    dependencies:
      file-type "^7.7.1"
      fs-extra "^6.0.1"
      js2xmlparser "^3.0.0"
      mime "^2.3.1"
      object-assign "^4.1.1"
      uuid "^3.0.0"
  
  ansi-regex@^2.0.0:
    version "2.1.1"
    resolved "https://registry.npmjs.org/ansi-regex/-/ansi-regex-2.1.1.tgz"
    integrity sha1-w7M6te42DYbg5ijwRorn7yfWVN8=
  
  ansi-regex@^3.0.0:
    version "3.0.0"
    resolved "https://registry.npmjs.org/ansi-regex/-/ansi-regex-3.0.0.tgz"
    integrity sha1-7QMXwyIGT3lGbAKWa922Bas32Zg=
  
  ansi-styles@^2.2.1:
    version "2.2.1"
    resolved "https://registry.npmjs.org/ansi-styles/-/ansi-styles-2.2.1.tgz"
    integrity sha1-tDLdM1i2NM914eRmQ2gkBTPB3b4=
  
  array-union@^1.0.1:
    version "1.0.2"
    resolved "https://registry.npmjs.org/array-union/-/array-union-1.0.2.tgz"
    integrity sha1-mjRBDk9OPaI96jdb5b5w8kd47Dk=
    dependencies:
      array-uniq "^1.0.1"
  
  array-uniq@^1.0.1:
    version "1.0.3"
    resolved "https://registry.npmjs.org/array-uniq/-/array-uniq-1.0.3.tgz"
    integrity sha1-r2rId6Jcx/dOBYiUdThY39sk/bY=
  
  arrify@^1.0.0:
    version "1.0.1"
    resolved "https://registry.npmjs.org/arrify/-/arrify-1.0.1.tgz"
    integrity sha1-iYUI2iIm84DfkEcoRWhJwVAaSw0=
  
  asn1@~0.2.3:
    version "0.2.4"
    resolved "https://registry.npmjs.org/asn1/-/asn1-0.2.4.tgz"
    integrity sha512-jxwzQpLQjSmWXgwaCZE9Nz+glAG01yF1QnWgbhGwHI5A6FRIEY6IVqtHhIepHqI7/kyEyQEagBC5mBEFlIYvdg==
    dependencies:
      safer-buffer "~2.1.0"
  
  assert-plus@1.0.0, assert-plus@^1.0.0:
    version "1.0.0"
    resolved "https://registry.npmjs.org/assert-plus/-/assert-plus-1.0.0.tgz"
    integrity sha1-8S4PPF13sLHN2RRpQuTpbB5N1SU=
  
  assertion-error@^1.1.0:
    version "1.1.0"
    resolved "https://registry.npmjs.org/assertion-error/-/assertion-error-1.1.0.tgz"
    integrity sha512-jgsaNduz+ndvGyFt3uSuWqvy4lCnIJiovtouQN5JZHOKCS2QuhEdbcQHFhVksz2N2U9hXJo8odG7ETyWlEeuDw==
  
  ast-types@^0.13.2:
    version "0.13.4"
    resolved "https://registry.npmjs.org/ast-types/-/ast-types-0.13.4.tgz"
    integrity sha512-x1FCFnFifvYDDzTaLII71vG5uvDwgtmDTEVWAxrgeiR8VjMONcCXJx7E+USjDtHlwFmt9MysbqgF9b9Vjr6w+w==
    dependencies:
      tslib "^2.0.1"
  
  asynckit@^0.4.0:
    version "0.4.0"
    resolved "https://registry.npmjs.org/asynckit/-/asynckit-0.4.0.tgz"
    integrity sha1-x57Zf380y48robyXkLzDZkdLS3k=
  
  aws-sign2@~0.7.0:
    version "0.7.0"
    resolved "https://registry.npmjs.org/aws-sign2/-/aws-sign2-0.7.0.tgz"
    integrity sha1-tG6JCTSpWR8tL2+G1+ap8bP+dqg=
  
  aws4@^1.8.0:
    version "1.11.0"
    resolved "https://registry.npmjs.org/aws4/-/aws4-1.11.0.tgz"
    integrity sha512-xh1Rl34h6Fi1DC2WWKfxUTVqRsNnr6LsKz2+hfwDxQJWmrx8+c7ylaqBMcHfl1U1r2dsifOvKX3LQuLNZ+XSvA==
  
  balanced-match@^1.0.0:
    version "1.0.2"
    resolved "https://registry.npmjs.org/balanced-match/-/balanced-match-1.0.2.tgz"
    integrity sha512-3oSeUO0TMV67hN1AmbXsK4yaqU7tjiHlbxRDZOpH0KW9+CeX4bRAaX0Anxt0tx2MrpRpWwQaPwIlISEJhYU5Pw==
  
  bcrypt-pbkdf@^1.0.0:
    version "1.0.2"
    resolved "https://registry.npmjs.org/bcrypt-pbkdf/-/bcrypt-pbkdf-1.0.2.tgz"
    integrity sha1-pDAdOJtqQ/m2f/PKEaP2Y342Dp4=
    dependencies:
      tweetnacl "^0.14.3"
  
  blocking-proxy@^1.0.0:
    version "1.0.1"
    resolved "https://registry.npmjs.org/blocking-proxy/-/blocking-proxy-1.0.1.tgz"
    integrity sha512-KE8NFMZr3mN2E0HcvCgRtX7DjhiIQrwle+nSVJVC/yqFb9+xznHl2ZcoBp2L9qzkI4t4cBFJ1efXF8Dwi132RA==
    dependencies:
      minimist "^1.2.0"
  
  bluebird@^3.4.6:
    version "3.7.2"
    resolved "https://registry.npmjs.org/bluebird/-/bluebird-3.7.2.tgz"
    integrity sha512-XpNj6GDQzdfW+r2Wnn7xiSAd7TM3jzkxGXBGTtWKuSXv1xUV+azxAm8jdWZN06QTQk+2N2XB9jRDkvbmQmcRtg==
  
  brace-expansion@^1.1.7:
    version "1.1.11"
    resolved "https://registry.npmjs.org/brace-expansion/-/brace-expansion-1.1.11.tgz"
    integrity sha512-iCuPHDFgrHX7H2vEI/5xpz07zSHB00TpugqhmYtVmMO6518mCuRMoOYFldEBl0g187ufozdaHgWKcYFb61qGiA==
    dependencies:
      balanced-match "^1.0.0"
      concat-map "0.0.1"
  
  browserstack@^1.5.1:
    version "1.6.1"
    resolved "https://registry.npmjs.org/browserstack/-/browserstack-1.6.1.tgz"
    integrity sha512-GxtFjpIaKdbAyzHfFDKixKO8IBT7wR3NjbzrGc78nNs/Ciys9wU3/nBtsqsWv5nDSrdI5tz0peKuzCPuNXNUiw==
    dependencies:
      https-proxy-agent "^2.2.1"
  
  bytes@3.1.0:
    version "3.1.0"
    resolved "https://registry.npmjs.org/bytes/-/bytes-3.1.0.tgz"
    integrity sha512-zauLjrfCG+xvoyaqLoV8bLVXXNGC4JqlxFCutSDWA6fJrTo2ZuvLYTqZ7aHBLZSMOopbzwv8f+wZcVzfVTI2Dg==
  
  call-bind@^1.0.0:
    version "1.0.2"
    resolved "https://registry.npmjs.org/call-bind/-/call-bind-1.0.2.tgz"
    integrity sha512-7O+FbCihrB5WGbFYesctwmTKae6rOiIzmz1icreWJ+0aA7LJfuqhEso2T9ncpcFtzMQtzXf2QGGueWJGTYsqrA==
    dependencies:
      function-bind "^1.1.1"
      get-intrinsic "^1.0.2"
  
  camelcase@^5.0.0:
    version "5.3.1"
    resolved "https://registry.npmjs.org/camelcase/-/camelcase-5.3.1.tgz"
    integrity sha512-L28STB170nwWS63UjtlEOE3dldQApaJXZkOI1uMFfzf3rRuPegHaHesyee+YxQ+W6SvRDQV6UrdOdRiR153wJg==
  
  caseless@~0.12.0:
    version "0.12.0"
    resolved "https://registry.npmjs.org/caseless/-/caseless-0.12.0.tgz"
    integrity sha1-G2gcIf+EAzyCZUMJBolCDRhxUdw=
  
  chai@^4.3.4:
    version "4.3.4"
    resolved "https://registry.yarnpkg.com/chai/-/chai-4.3.4.tgz#b55e655b31e1eac7099be4c08c21964fce2e6c49"
    integrity sha512-yS5H68VYOCtN1cjfwumDSuzn/9c+yza4f3reKXlE5rUg7SFcCEy90gJvydNgOYtblyf4Zi6jIWRnXOgErta0KA==
    dependencies:
      assertion-error "^1.1.0"
      check-error "^1.0.2"
      deep-eql "^3.0.1"
      get-func-name "^2.0.0"
      pathval "^1.1.1"
      type-detect "^4.0.5"
  
  chalk@^1.1.1, chalk@^1.1.3:
    version "1.1.3"
    resolved "https://registry.npmjs.org/chalk/-/chalk-1.1.3.tgz"
    integrity sha1-qBFcVeSnAv5NFQq9OHKCKn4J/Jg=
    dependencies:
      ansi-styles "^2.2.1"
      escape-string-regexp "^1.0.2"
      has-ansi "^2.0.0"
      strip-ansi "^3.0.0"
      supports-color "^2.0.0"
  
  check-error@^1.0.2:
    version "1.0.2"
    resolved "https://registry.npmjs.org/check-error/-/check-error-1.0.2.tgz"
    integrity sha1-V00xLt2Iu13YkS6Sht1sCu1KrII=
  
  cliui@^4.0.0:
    version "4.1.0"
    resolved "https://registry.npmjs.org/cliui/-/cliui-4.1.0.tgz"
    integrity sha512-4FG+RSG9DL7uEwRUZXZn3SS34DiDPfzP0VOiEwtUWlE+AR2EIg+hSyvrIgUUfhdgR/UkAeW2QHgeP+hWrXs7jQ==
    dependencies:
      string-width "^2.1.1"
      strip-ansi "^4.0.0"
      wrap-ansi "^2.0.0"
  
  code-point-at@^1.0.0:
    version "1.1.0"
    resolved "https://registry.npmjs.org/code-point-at/-/code-point-at-1.1.0.tgz"
    integrity sha1-DQcLTQQ6W+ozovGkDi7bPZpMz3c=
  
  colors@1.1.2:
    version "1.1.2"
    resolved "https://registry.npmjs.org/colors/-/colors-1.1.2.tgz"
    integrity sha1-FopHAXVran9RoSzgyXv6KMCE7WM=
  
  combined-stream@^1.0.6, combined-stream@^1.0.8, combined-stream@~1.0.6:
    version "1.0.8"
    resolved "https://registry.npmjs.org/combined-stream/-/combined-stream-1.0.8.tgz"
    integrity sha512-FQN4MRfuJeHf7cBbBMJFXhKSDq+2kAArBlmRBvcvFE5BB1HZKXtSFASDhdlz9zOYwxh8lDdnvmMOe/+5cdoEdg==
    dependencies:
      delayed-stream "~1.0.0"
  
  component-emitter@^1.3.0:
    version "1.3.0"
    resolved "https://registry.npmjs.org/component-emitter/-/component-emitter-1.3.0.tgz"
    integrity sha512-Rd3se6QB+sO1TwqZjscQrurpEPIfO0/yYnSin6Q/rD3mOutHvUrCAhJub3r90uNb+SESBuE0QYoB90YdfatsRg==
  
  concat-map@0.0.1:
    version "0.0.1"
    resolved "https://registry.npmjs.org/concat-map/-/concat-map-0.0.1.tgz"
    integrity sha1-2Klr13/Wjfd5OnMDajug1UBdR3s=
  
  cookiejar@^2.1.2:
    version "2.1.2"
    resolved "https://registry.npmjs.org/cookiejar/-/cookiejar-2.1.2.tgz"
    integrity sha512-Mw+adcfzPxcPeI+0WlvRrr/3lGVO0bD75SxX6811cxSh1Wbxx7xZBGK1eVtDf6si8rg2lhnUjsVLMFMfbRIuwA==
  
  core-util-is@1.0.2, core-util-is@~1.0.0:
    version "1.0.2"
    resolved "https://registry.npmjs.org/core-util-is/-/core-util-is-1.0.2.tgz"
    integrity sha1-tf1UIgqivFq1eqtxQMlAdUUDwac=
  
  cross-env@^6.0.3:
    version "6.0.3"
    resolved "https://registry.npmjs.org/cross-env/-/cross-env-6.0.3.tgz"
    integrity sha512-+KqxF6LCvfhWvADcDPqo64yVIB31gv/jQulX2NGzKS/g3GEVz6/pt4wjHFtFWsHMddebWD/sDthJemzM4MaAag==
    dependencies:
      cross-spawn "^7.0.0"
  
  cross-spawn@^6.0.0:
    version "6.0.5"
    resolved "https://registry.npmjs.org/cross-spawn/-/cross-spawn-6.0.5.tgz"
    integrity sha512-eTVLrBSt7fjbDygz805pMnstIs2VTBNkRm0qxZd+M7A5XDdxVRWO5MxGBXZhjY4cqLYLdtrGqRf8mBPmzwSpWQ==
    dependencies:
      nice-try "^1.0.4"
      path-key "^2.0.1"
      semver "^5.5.0"
      shebang-command "^1.2.0"
      which "^1.2.9"
  
  cross-spawn@^7.0.0:
    version "7.0.3"
    resolved "https://registry.npmjs.org/cross-spawn/-/cross-spawn-7.0.3.tgz"
    integrity sha512-iRDPJKUPVEND7dHPO8rkbOnPpyDygcDFtWjpeWNCgy8WP2rXcxXL8TskReQl6OrB2G7+UJrags1q15Fudc7G6w==
    dependencies:
      path-key "^3.1.0"
      shebang-command "^2.0.0"
      which "^2.0.1"
  
  dashdash@^1.12.0:
    version "1.14.1"
    resolved "https://registry.npmjs.org/dashdash/-/dashdash-1.14.1.tgz"
    integrity sha1-hTz6D3y+L+1d4gMmuN1YEDX24vA=
    dependencies:
      assert-plus "^1.0.0"
  
  data-uri-to-buffer@3:
    version "3.0.1"
    resolved "https://registry.npmjs.org/data-uri-to-buffer/-/data-uri-to-buffer-3.0.1.tgz"
    integrity sha512-WboRycPNsVw3B3TL559F7kuBUM4d8CgMEvk6xEJlOp7OBPjt6G7z8WMWlD2rOFZLk6OYfFIUGsCOWzcQH9K2og==
  
  debug@4, debug@^4.1.1:
    version "4.3.1"
    resolved "https://registry.npmjs.org/debug/-/debug-4.3.1.tgz"
    integrity sha512-doEwdvm4PCeK4K3RQN2ZC2BYUBaxwLARCqZmMjtF8a51J2Rb0xpVloFRnCODwqjpwnAoao4pelN8l3RJdv3gRQ==
    dependencies:
      ms "2.1.2"
  
  debug@^3.1.0:
    version "3.2.7"
    resolved "https://registry.npmjs.org/debug/-/debug-3.2.7.tgz"
    integrity sha512-CFjzYYAi4ThfiQvizrFQevTTXHtnCqWfe7x1AhgEscTz6ZbLbfoLRLPugTQyBth6f8ZERVUSyWHFD/7Wu4t1XQ==
    dependencies:
      ms "^2.1.1"
  
  decamelize@^1.2.0:
    version "1.2.0"
    resolved "https://registry.npmjs.org/decamelize/-/decamelize-1.2.0.tgz"
    integrity sha1-9lNNFRSCabIDUue+4m9QH5oZEpA=
  
  deep-eql@^3.0.1:
    version "3.0.1"
    resolved "https://registry.npmjs.org/deep-eql/-/deep-eql-3.0.1.tgz"
    integrity sha512-+QeIQyN5ZuO+3Uk5DYh6/1eKO0m0YmJFGNmFHGACpf1ClL1nmlV/p4gNgbl2pJGxgXb4faqo6UE+M5ACEMyVcw==
    dependencies:
      type-detect "^4.0.0"
  
  deep-is@~0.1.3:
    version "0.1.3"
    resolved "https://registry.npmjs.org/deep-is/-/deep-is-0.1.3.tgz"
    integrity sha1-s2nW+128E+7PUk+RsHD+7cNXzzQ=
  
  degenerator@^2.2.0:
    version "2.2.0"
    resolved "https://registry.npmjs.org/degenerator/-/degenerator-2.2.0.tgz"
    integrity sha512-aiQcQowF01RxFI4ZLFMpzyotbQonhNpBao6dkI8JPk5a+hmSjR5ErHp2CQySmQe8os3VBqLCIh87nDBgZXvsmg==
    dependencies:
      ast-types "^0.13.2"
      escodegen "^1.8.1"
      esprima "^4.0.0"
  
  del@^2.2.0:
    version "2.2.2"
    resolved "https://registry.npmjs.org/del/-/del-2.2.2.tgz"
    integrity sha1-wSyYHQZ4RshLyvhiz/kw2Qf/0ag=
    dependencies:
      globby "^5.0.0"
      is-path-cwd "^1.0.0"
      is-path-in-cwd "^1.0.0"
      object-assign "^4.0.1"
      pify "^2.0.0"
      pinkie-promise "^2.0.0"
      rimraf "^2.2.8"
  
  delayed-stream@~1.0.0:
    version "1.0.0"
    resolved "https://registry.npmjs.org/delayed-stream/-/delayed-stream-1.0.0.tgz"
    integrity sha1-3zrhmayt+31ECqrgsp4icrJOxhk=
  
  depd@~1.1.2:
    version "1.1.2"
    resolved "https://registry.npmjs.org/depd/-/depd-1.1.2.tgz"
    integrity sha1-m81S4UwJd2PnSbJ0xDRu0uVgtak=
  
  ecc-jsbn@~0.1.1:
    version "0.1.2"
    resolved "https://registry.npmjs.org/ecc-jsbn/-/ecc-jsbn-0.1.2.tgz"
    integrity sha1-OoOpBOVDUyh4dMVkt1SThoSamMk=
    dependencies:
      jsbn "~0.1.0"
      safer-buffer "^2.1.0"
  
  end-of-stream@^1.1.0:
    version "1.4.4"
    resolved "https://registry.npmjs.org/end-of-stream/-/end-of-stream-1.4.4.tgz"
    integrity sha512-+uw1inIHVPQoaVuHzRyXd21icM+cnt4CzD5rW+NC1wjOUSTOs+Te7FOv7AhN7vS9x/oIyhLP5PR1H+phQAHu5Q==
    dependencies:
      once "^1.4.0"
  
  es6-promise@^4.0.3:
    version "4.2.8"
    resolved "https://registry.npmjs.org/es6-promise/-/es6-promise-4.2.8.tgz"
    integrity sha512-HJDGx5daxeIvxdBxvG2cb9g4tEvwIk3i8+nhX0yGrYmZUzbkdg8QbDevheDB8gd0//uPj4c1EQua8Q+MViT0/w==
  
  es6-promisify@^5.0.0:
    version "5.0.0"
    resolved "https://registry.npmjs.org/es6-promisify/-/es6-promisify-5.0.0.tgz"
    integrity sha1-UQnWLz5W6pZ8S2NQWu8IKRyKUgM=
    dependencies:
      es6-promise "^4.0.3"
  
  escape-string-regexp@^1.0.2:
    version "1.0.5"
    resolved "https://registry.npmjs.org/escape-string-regexp/-/escape-string-regexp-1.0.5.tgz"
    integrity sha1-G2HAViGQqN/2rjuyzwIAyhMLhtQ=
  
  escodegen@^1.8.1:
    version "1.14.3"
    resolved "https://registry.npmjs.org/escodegen/-/escodegen-1.14.3.tgz"
    integrity sha512-qFcX0XJkdg+PB3xjZZG/wKSuT1PnQWx57+TVSjIMmILd2yC/6ByYElPwJnslDsuWuSAp4AwJGumarAAmJch5Kw==
    dependencies:
      esprima "^4.0.1"
      estraverse "^4.2.0"
      esutils "^2.0.2"
      optionator "^0.8.1"
    optionalDependencies:
      source-map "~0.6.1"
  
  esprima@^4.0.0, esprima@^4.0.1:
    version "4.0.1"
    resolved "https://registry.npmjs.org/esprima/-/esprima-4.0.1.tgz"
    integrity sha512-eGuFFw7Upda+g4p+QHvnW0RyTX/SVeJBDM/gCtMARO0cLuT2HcEKnTPvhjV6aGeqrCB/sbNop0Kszm0jsaWU4A==
  
  estraverse@^4.2.0:
    version "4.3.0"
    resolved "https://registry.npmjs.org/estraverse/-/estraverse-4.3.0.tgz"
    integrity sha512-39nnKffWz8xN1BU/2c79n9nB9HDzo0niYUqx6xyqUnyoAnQyyWpOTdZEeiCch8BBu515t4wp9ZmgVfVhn9EBpw==
  
  esutils@^2.0.2:
    version "2.0.3"
    resolved "https://registry.npmjs.org/esutils/-/esutils-2.0.3.tgz"
    integrity sha512-kVscqXk4OCp68SZ0dkgEKVi6/8ij300KBWTJq32P/dYeWTSwK41WyTxalN1eRmA5Z9UU/LX9D7FWSmV9SAYx6g==
  
  execa@^1.0.0:
    version "1.0.0"
    resolved "https://registry.npmjs.org/execa/-/execa-1.0.0.tgz"
    integrity sha512-adbxcyWV46qiHyvSp50TKt05tB4tK3HcmF7/nxfAdhnox83seTDbwnaqKO4sXRy7roHAIFqJP/Rw/AuEbX61LA==
    dependencies:
      cross-spawn "^6.0.0"
      get-stream "^4.0.0"
      is-stream "^1.1.0"
      npm-run-path "^2.0.0"
      p-finally "^1.0.0"
      signal-exit "^3.0.0"
      strip-eof "^1.0.0"
  
  exit@^0.1.2:
    version "0.1.2"
    resolved "https://registry.npmjs.org/exit/-/exit-0.1.2.tgz"
    integrity sha1-BjJjj42HfMghB9MKD/8aF8uhzQw=
  
  extend@~3.0.2:
    version "3.0.2"
    resolved "https://registry.npmjs.org/extend/-/extend-3.0.2.tgz"
    integrity sha512-fjquC59cD7CyW6urNXK0FBufkZcoiGG80wTuPujX590cB5Ttln20E2UB4S/WARVqhXffZl2LNgS+gQdPIIim/g==
  
  extsprintf@1.3.0, extsprintf@^1.2.0:
    version "1.3.0"
    resolved "https://registry.npmjs.org/extsprintf/-/extsprintf-1.3.0.tgz"
    integrity sha1-lpGEQOMEGnpBT4xS48V06zw+HgU=
  
  fast-deep-equal@^3.1.1:
    version "3.1.3"
    resolved "https://registry.npmjs.org/fast-deep-equal/-/fast-deep-equal-3.1.3.tgz"
    integrity sha512-f3qQ9oQy9j2AhBe/H9VC91wLmKBCCU/gDOnKNAYG5hswO7BLKj09Hc5HYNz9cGI++xlpDCIgDaitVs03ATR84Q==
  
  fast-json-stable-stringify@^2.0.0:
    version "2.1.0"
    resolved "https://registry.npmjs.org/fast-json-stable-stringify/-/fast-json-stable-stringify-2.1.0.tgz"
    integrity sha512-lhd/wF+Lk98HZoTCtlVraHtfh5XYijIjalXck7saUtuanSDyLMxnHhSXEDJqHxD7msR8D0uCmqlkwjCV8xvwHw==
  
  fast-levenshtein@~2.0.6:
    version "2.0.6"
    resolved "https://registry.npmjs.org/fast-levenshtein/-/fast-levenshtein-2.0.6.tgz"
    integrity sha1-PYpcZog6FqMMqGQ+hR8Zuqd5eRc=
  
  fast-safe-stringify@^2.0.7:
    version "2.0.7"
    resolved "https://registry.npmjs.org/fast-safe-stringify/-/fast-safe-stringify-2.0.7.tgz"
    integrity sha512-Utm6CdzT+6xsDk2m8S6uL8VHxNwI6Jub+e9NYTcAms28T84pTa25GJQV9j0CY0N1rM8hK4x6grpF2BQf+2qwVA==
  
  file-type@^7.7.1:
    version "7.7.1"
    resolved "https://registry.npmjs.org/file-type/-/file-type-7.7.1.tgz"
    integrity sha512-bTrKkzzZI6wH+NXhyD3SOXtb2zXTw2SbwI2RxUlRcXVsnN7jNL5hJzVQLYv7FOQhxFkK4XWdAflEaWFpaLLWpQ==
  
  file-uri-to-path@2:
    version "2.0.0"
    resolved "https://registry.npmjs.org/file-uri-to-path/-/file-uri-to-path-2.0.0.tgz"
    integrity sha512-hjPFI8oE/2iQPVe4gbrJ73Pp+Xfub2+WI2LlXDbsaJBwT5wuMh35WNWVYYTpnz895shtwfyutMFLFywpQAFdLg==
  
  find-up@^3.0.0:
    version "3.0.0"
    resolved "https://registry.npmjs.org/find-up/-/find-up-3.0.0.tgz"
    integrity sha512-1yD6RmLI1XBfxugvORwlck6f75tYL+iR0jqwsOrOxMZyGYqUuDhJ0l4AXdO1iX/FTs9cBAMEk1gWSEx1kSbylg==
    dependencies:
      locate-path "^3.0.0"
  
  forever-agent@~0.6.1:
    version "0.6.1"
    resolved "https://registry.npmjs.org/forever-agent/-/forever-agent-0.6.1.tgz"
    integrity sha1-+8cfDEGt6zf5bFd60e1C2P2sypE=
  
  form-data@^3.0.0:
    version "3.0.1"
    resolved "https://registry.npmjs.org/form-data/-/form-data-3.0.1.tgz"
    integrity sha512-RHkBKtLWUVwd7SqRIvCZMEvAMoGUp0XU+seQiZejj0COz3RI3hWP4sCv3gZWWLjJTd7rGwcsF5eKZGii0r/hbg==
    dependencies:
      asynckit "^0.4.0"
      combined-stream "^1.0.8"
      mime-types "^2.1.12"
  
  form-data@~2.3.2:
    version "2.3.3"
    resolved "https://registry.npmjs.org/form-data/-/form-data-2.3.3.tgz"
    integrity sha512-1lLKB2Mu3aGP1Q/2eCOx0fNbRMe7XdwktwOruhfqqd0rIJWwN4Dh+E3hrPSlDCXnSR7UtZ1N38rVXm+6+MEhJQ==
    dependencies:
      asynckit "^0.4.0"
      combined-stream "^1.0.6"
      mime-types "^2.1.12"
  
  formidable@^1.2.2:
    version "1.2.2"
    resolved "https://registry.npmjs.org/formidable/-/formidable-1.2.2.tgz"
    integrity sha512-V8gLm+41I/8kguQ4/o1D3RIHRmhYFG4pnNyonvua+40rqcEmT4+V71yaZ3B457xbbgCsCfjSPi65u/W6vK1U5Q==
  
  fs-extra@^6.0.1:
    version "6.0.1"
    resolved "https://registry.npmjs.org/fs-extra/-/fs-extra-6.0.1.tgz"
    integrity sha512-GnyIkKhhzXZUWFCaJzvyDLEEgDkPfb4/TPvJCJVuS8MWZgoSsErf++QpiAlDnKFcqhRlm+tIOcencCjyJE6ZCA==
    dependencies:
      graceful-fs "^4.1.2"
      jsonfile "^4.0.0"
      universalify "^0.1.0"
  
  fs-extra@^8.1.0:
    version "8.1.0"
    resolved "https://registry.npmjs.org/fs-extra/-/fs-extra-8.1.0.tgz"
    integrity sha512-yhlQgA6mnOJUKOsRUFsgJdQCvkKhcz8tlZG5HBQfReYZy46OwLcY+Zia0mtdHsOo9y/hP+CxMN0TU9QxoOtG4g==
    dependencies:
      graceful-fs "^4.2.0"
      jsonfile "^4.0.0"
      universalify "^0.1.0"
  
  fs.realpath@^1.0.0:
    version "1.0.0"
    resolved "https://registry.npmjs.org/fs.realpath/-/fs.realpath-1.0.0.tgz"
    integrity sha1-FQStJSMVjKpA20onh8sBQRmU6k8=
  
  ftp@^0.3.10:
    version "0.3.10"
    resolved "https://registry.npmjs.org/ftp/-/ftp-0.3.10.tgz"
    integrity sha1-kZfYYa2BQvPmPVqDv+TFn3MwiF0=
    dependencies:
      readable-stream "1.1.x"
      xregexp "2.0.0"
  
  function-bind@^1.1.1:
    version "1.1.1"
    resolved "https://registry.npmjs.org/function-bind/-/function-bind-1.1.1.tgz"
    integrity sha512-yIovAzMX49sF8Yl58fSCWJ5svSLuaibPxXQJFLmBObTuCr0Mf1KiPopGM9NiFjiYBCbfaa2Fh6breQ6ANVTI0A==
  
  get-caller-file@^1.0.1:
    version "1.0.3"
    resolved "https://registry.npmjs.org/get-caller-file/-/get-caller-file-1.0.3.tgz"
    integrity sha512-3t6rVToeoZfYSGd8YoLFR2DJkiQrIiUrGcjvFX2mDw3bn6k2OtwHN0TNCLbBO+w8qTvimhDkv+LSscbJY1vE6w==
  
  get-func-name@^2.0.0:
    version "2.0.0"
    resolved "https://registry.npmjs.org/get-func-name/-/get-func-name-2.0.0.tgz"
    integrity sha1-6td0q+5y4gQJQzoGY2YCPdaIekE=
  
  get-intrinsic@^1.0.2:
    version "1.1.1"
    resolved "https://registry.npmjs.org/get-intrinsic/-/get-intrinsic-1.1.1.tgz"
    integrity sha512-kWZrnVM42QCiEA2Ig1bG8zjoIMOgxWwYCEeNdwY6Tv/cOSeGpcoX4pXHfKUxNKVoArnrEr2e9srnAxxGIraS9Q==
    dependencies:
      function-bind "^1.1.1"
      has "^1.0.3"
      has-symbols "^1.0.1"
  
  get-stream@^4.0.0:
    version "4.1.0"
    resolved "https://registry.npmjs.org/get-stream/-/get-stream-4.1.0.tgz"
    integrity sha512-GMat4EJ5161kIy2HevLlr4luNjBgvmj413KaQA7jt4V8B4RDsfpHk7WQ9GVqfYyyx8OS/L66Kox+rJRNklLK7w==
    dependencies:
      pump "^3.0.0"
  
  get-uri@3:
    version "3.0.2"
    resolved "https://registry.npmjs.org/get-uri/-/get-uri-3.0.2.tgz"
    integrity sha512-+5s0SJbGoyiJTZZ2JTpFPLMPSch72KEqGOTvQsBqg0RBWvwhWUSYZFAtz3TPW0GXJuLBJPts1E241iHg+VRfhg==
    dependencies:
      "@tootallnate/once" "1"
      data-uri-to-buffer "3"
      debug "4"
      file-uri-to-path "2"
      fs-extra "^8.1.0"
      ftp "^0.3.10"
  
  getpass@^0.1.1:
    version "0.1.7"
    resolved "https://registry.npmjs.org/getpass/-/getpass-0.1.7.tgz"
    integrity sha1-Xv+OPmhNVprkyysSgmBOi6YhSfo=
    dependencies:
      assert-plus "^1.0.0"
  
  glob@^7.0.3, glob@^7.0.6, glob@^7.1.3:
    version "7.1.7"
    resolved "https://registry.npmjs.org/glob/-/glob-7.1.7.tgz"
    integrity sha512-OvD9ENzPLbegENnYP5UUfJIirTg4+XwMWGaQfQTY0JenxNvvIKP3U3/tAQSPIu/lHxXYSZmpXlUHeqAIdKzBLQ==
    dependencies:
      fs.realpath "^1.0.0"
      inflight "^1.0.4"
      inherits "2"
      minimatch "^3.0.4"
      once "^1.3.0"
      path-is-absolute "^1.0.0"
  
  globby@^5.0.0:
    version "5.0.0"
    resolved "https://registry.npmjs.org/globby/-/globby-5.0.0.tgz"
    integrity sha1-69hGZ8oNuzMLmbz8aOrCvFQ3Dg0=
    dependencies:
      array-union "^1.0.1"
      arrify "^1.0.0"
      glob "^7.0.3"
      object-assign "^4.0.1"
      pify "^2.0.0"
      pinkie-promise "^2.0.0"
  
  graceful-fs@^4.1.2, graceful-fs@^4.1.6, graceful-fs@^4.2.0:
    version "4.2.6"
    resolved "https://registry.npmjs.org/graceful-fs/-/graceful-fs-4.2.6.tgz"
    integrity sha512-nTnJ528pbqxYanhpDYsi4Rd8MAeaBA67+RZ10CM1m3bTAVFEDcd5AuA4a6W5YkGZ1iNXHzZz8T6TBKLeBuNriQ==
  
  har-schema@^2.0.0:
    version "2.0.0"
    resolved "https://registry.npmjs.org/har-schema/-/har-schema-2.0.0.tgz"
    integrity sha1-qUwiJOvKwEeCoNkDVSHyRzW37JI=
  
  har-validator@~5.1.3:
    version "5.1.5"
    resolved "https://registry.npmjs.org/har-validator/-/har-validator-5.1.5.tgz"
    integrity sha512-nmT2T0lljbxdQZfspsno9hgrG3Uir6Ks5afism62poxqBM6sDnMEuPmzTq8XN0OEwqKLLdh1jQI3qyE66Nzb3w==
    dependencies:
      ajv "^6.12.3"
      har-schema "^2.0.0"
  
  has-ansi@^2.0.0:
    version "2.0.0"
    resolved "https://registry.npmjs.org/has-ansi/-/has-ansi-2.0.0.tgz"
    integrity sha1-NPUEnOHs3ysGSa8+8k5F7TVBbZE=
    dependencies:
      ansi-regex "^2.0.0"
  
  has-symbols@^1.0.1:
    version "1.0.2"
    resolved "https://registry.npmjs.org/has-symbols/-/has-symbols-1.0.2.tgz"
    integrity sha512-chXa79rL/UC2KlX17jo3vRGz0azaWEx5tGqZg5pO3NUyEJVB17dMruQlzCCOfUvElghKcm5194+BCRvi2Rv/Gw==
  
  has@^1.0.3:
    version "1.0.3"
    resolved "https://registry.npmjs.org/has/-/has-1.0.3.tgz"
    integrity sha512-f2dvO0VU6Oej7RkWJGrehjbzMAjFp5/VKPp5tTpWIV4JHHZK1/BxbFRtf/siA2SWTe09caDmVtYYzWEIbBS4zw==
    dependencies:
      function-bind "^1.1.1"
  
  http-errors@1.7.3:
    version "1.7.3"
    resolved "https://registry.npmjs.org/http-errors/-/http-errors-1.7.3.tgz"
    integrity sha512-ZTTX0MWrsQ2ZAhA1cejAwDLycFsd7I7nVtnkT3Ol0aqodaKW+0CTZDQ1uBv5whptCnc8e8HeRRJxRs0kmm/Qfw==
    dependencies:
      depd "~1.1.2"
      inherits "2.0.4"
      setprototypeof "1.1.1"
      statuses ">= 1.5.0 < 2"
      toidentifier "1.0.0"
  
  http-proxy-agent@^4.0.0, http-proxy-agent@^4.0.1:
    version "4.0.1"
    resolved "https://registry.npmjs.org/http-proxy-agent/-/http-proxy-agent-4.0.1.tgz"
    integrity sha512-k0zdNgqWTGA6aeIRVpvfVob4fL52dTfaehylg0Y4UvSySvOq/Y+BOyPrgpUrA7HylqvU8vIZGsRuXmspskV0Tg==
    dependencies:
      "@tootallnate/once" "1"
      agent-base "6"
      debug "4"
  
  http-signature@~1.2.0:
    version "1.2.0"
    resolved "https://registry.npmjs.org/http-signature/-/http-signature-1.2.0.tgz"
    integrity sha1-muzZJRFHcvPZW2WmCruPfBj7rOE=
    dependencies:
      assert-plus "^1.0.0"
      jsprim "^1.2.2"
      sshpk "^1.7.0"
  
  https-proxy-agent@5, https-proxy-agent@^5.0.0:
    version "5.0.0"
    resolved "https://registry.npmjs.org/https-proxy-agent/-/https-proxy-agent-5.0.0.tgz"
    integrity sha512-EkYm5BcKUGiduxzSt3Eppko+PiNWNEpa4ySk9vTC6wDsQJW9rHSa+UhGNJoRYp7bz6Ht1eaRIa6QaJqO5rCFbA==
    dependencies:
      agent-base "6"
      debug "4"
  
  https-proxy-agent@^2.2.1:
    version "2.2.4"
    resolved "https://registry.npmjs.org/https-proxy-agent/-/https-proxy-agent-2.2.4.tgz"
    integrity sha512-OmvfoQ53WLjtA9HeYP9RNrWMJzzAz1JGaSFr1nijg0PVR1JaD/xbJq1mdEIIlxGpXp9eSe/O2LgU9DJmTPd0Eg==
    dependencies:
      agent-base "^4.3.0"
      debug "^3.1.0"
  
  iconv-lite@0.4.24:
    version "0.4.24"
    resolved "https://registry.npmjs.org/iconv-lite/-/iconv-lite-0.4.24.tgz"
    integrity sha512-v3MXnZAcvnywkTUEZomIActle7RXXeedOR31wwl7VlyoXO4Qi9arvSenNQWne1TcRwhCL1HwLI21bEqdpj8/rA==
    dependencies:
      safer-buffer ">= 2.1.2 < 3"
  
  immediate@~3.0.5:
    version "3.0.6"
    resolved "https://registry.npmjs.org/immediate/-/immediate-3.0.6.tgz"
    integrity sha1-nbHb0Pr43m++D13V5Wu2BigN5ps=
  
  inflight@^1.0.4:
    version "1.0.6"
    resolved "https://registry.npmjs.org/inflight/-/inflight-1.0.6.tgz"
    integrity sha1-Sb1jMdfQLQwJvJEKEHW6gWW1bfk=
    dependencies:
      once "^1.3.0"
      wrappy "1"
  
  inherits@2, inherits@2.0.4, inherits@^2.0.3, inherits@~2.0.1, inherits@~2.0.3:
    version "2.0.4"
    resolved "https://registry.npmjs.org/inherits/-/inherits-2.0.4.tgz"
    integrity sha512-k/vGaX4/Yla3WzyMCvTQOXYeIHvqOKtnqBduzTHpzpQZzAskKMhZ2K+EnBiSM9zGSoIFeMpXKxa4dYeZIQqewQ==
  
  ini@^1.3.4:
    version "1.3.8"
    resolved "https://registry.npmjs.org/ini/-/ini-1.3.8.tgz"
    integrity sha512-JV/yugV2uzW5iMRSiZAyDtQd+nxtUnjeLt0acNdw98kKLrvuRVyB80tsREOE7yvGVgalhZ6RNXCmEHkUKBKxew==
  
  invert-kv@^2.0.0:
    version "2.0.0"
    resolved "https://registry.npmjs.org/invert-kv/-/invert-kv-2.0.0.tgz"
    integrity sha512-wPVv/y/QQ/Uiirj/vh3oP+1Ww+AWehmi1g5fFWGPF6IpCBCDVrhgHRMvrLfdYcwDh3QJbGXDW4JAuzxElLSqKA==
  
  ip@^1.1.5:
    version "1.1.5"
    resolved "https://registry.npmjs.org/ip/-/ip-1.1.5.tgz"
    integrity sha1-vd7XARQpCCjAoDnnLvJfWq7ENUo=
  
  is-fullwidth-code-point@^1.0.0:
    version "1.0.0"
    resolved "https://registry.npmjs.org/is-fullwidth-code-point/-/is-fullwidth-code-point-1.0.0.tgz"
    integrity sha1-754xOG8DGn8NZDr4L95QxFfvAMs=
    dependencies:
      number-is-nan "^1.0.0"
  
  is-fullwidth-code-point@^2.0.0:
    version "2.0.0"
    resolved "https://registry.npmjs.org/is-fullwidth-code-point/-/is-fullwidth-code-point-2.0.0.tgz"
    integrity sha1-o7MKXE8ZkYMWeqq5O+764937ZU8=
  
  is-path-cwd@^1.0.0:
    version "1.0.0"
    resolved "https://registry.npmjs.org/is-path-cwd/-/is-path-cwd-1.0.0.tgz"
    integrity sha1-0iXsIxMuie3Tj9p2dHLmLmXxEG0=
  
  is-path-in-cwd@^1.0.0:
    version "1.0.1"
    resolved "https://registry.npmjs.org/is-path-in-cwd/-/is-path-in-cwd-1.0.1.tgz"
    integrity sha512-FjV1RTW48E7CWM7eE/J2NJvAEEVektecDBVBE5Hh3nM1Jd0kvhHtX68Pr3xsDf857xt3Y4AkwVULK1Vku62aaQ==
    dependencies:
      is-path-inside "^1.0.0"
  
  is-path-inside@^1.0.0:
    version "1.0.1"
    resolved "https://registry.npmjs.org/is-path-inside/-/is-path-inside-1.0.1.tgz"
    integrity sha1-jvW33lBDej/cprToZe96pVy0gDY=
    dependencies:
      path-is-inside "^1.0.1"
  
  is-stream@^1.1.0:
    version "1.1.0"
    resolved "https://registry.npmjs.org/is-stream/-/is-stream-1.1.0.tgz"
    integrity sha1-EtSj3U5o4Lec6428hBc66A2RykQ=
  
  is-typedarray@~1.0.0:
    version "1.0.0"
    resolved "https://registry.npmjs.org/is-typedarray/-/is-typedarray-1.0.0.tgz"
    integrity sha1-5HnICFjfDBsR3dppQPlgEfzaSpo=
  
  isarray@0.0.1:
    version "0.0.1"
    resolved "https://registry.npmjs.org/isarray/-/isarray-0.0.1.tgz"
    integrity sha1-ihis/Kmo9Bd+Cav8YDiTmwXR7t8=
  
  isarray@~1.0.0:
    version "1.0.0"
    resolved "https://registry.npmjs.org/isarray/-/isarray-1.0.0.tgz"
    integrity sha1-u5NdSFgsuhaMBoNJV6VKPgcSTxE=
  
  isexe@^2.0.0:
    version "2.0.0"
    resolved "https://registry.npmjs.org/isexe/-/isexe-2.0.0.tgz"
    integrity sha1-6PvzdNxVb/iUehDcsFctYz8s+hA=
  
  isstream@~0.1.2:
    version "0.1.2"
    resolved "https://registry.npmjs.org/isstream/-/isstream-0.1.2.tgz"
    integrity sha1-R+Y/evVa+m+S4VAOaQ64uFKcCZo=
  
  jasmine-allure-reporter@^1.0.2:
    version "1.0.2"
    resolved "https://registry.npmjs.org/jasmine-allure-reporter/-/jasmine-allure-reporter-1.0.2.tgz"
    integrity sha512-L3+XQ13xRfESbbdp1tii/OomW65xwTCgp66fKH1UxWK8L0j07G0s9/tYl+G7HdtbG76CYM807qj5nFDu7C9oBA==
    dependencies:
      allure-js-commons "^1.3.1"
  
  jasmine-core@~2.8.0:
    version "2.8.0"
    resolved "https://registry.npmjs.org/jasmine-core/-/jasmine-core-2.8.0.tgz"
    integrity sha1-vMl5rh+f0FcB5F5S5l06XWPxok4=
  
  jasmine-core@~3.4.0:
    version "3.4.0"
    resolved "https://registry.npmjs.org/jasmine-core/-/jasmine-core-3.4.0.tgz"
    integrity sha512-HU/YxV4i6GcmiH4duATwAbJQMlE0MsDIR5XmSVxURxKHn3aGAdbY1/ZJFmVRbKtnLwIxxMJD7gYaPsypcbYimg==
  
  jasmine-fail-fast@~2.0.0:
    version "2.0.1"
    resolved "https://registry.npmjs.org/jasmine-fail-fast/-/jasmine-fail-fast-2.0.1.tgz"
    integrity sha512-En8ONwvDQOV+jyiZEZvbvUSLWSdJFj9HiWjhLdGq/V/gxs4XyST730ooe928BbRxv4bfy05OpykKuoOU4aLC5w==
    dependencies:
      lodash "^4.17.15"
  
  jasmine-spec-reporter@~4.2.1:
    version "4.2.1"
    resolved "https://registry.npmjs.org/jasmine-spec-reporter/-/jasmine-spec-reporter-4.2.1.tgz"
    integrity sha512-FZBoZu7VE5nR7Nilzy+Np8KuVIOxF4oXDPDknehCYBDE080EnlPu0afdZNmpGDBRCUBv3mj5qgqCRmk6W/K8vg==
    dependencies:
      colors "1.1.2"
  
  jasmine@2.8.0:
    version "2.8.0"
    resolved "https://registry.npmjs.org/jasmine/-/jasmine-2.8.0.tgz"
    integrity sha1-awicChFXax8W3xG4AUbZHU6Lij4=
    dependencies:
      exit "^0.1.2"
      glob "^7.0.6"
      jasmine-core "~2.8.0"
  
  jasminewd2@^2.1.0:
    version "2.2.0"
    resolved "https://registry.npmjs.org/jasminewd2/-/jasminewd2-2.2.0.tgz"
    integrity sha1-43zwsX8ZnM4jvqcbIDk5Uka07E4=
  
  js2xmlparser@^3.0.0:
    version "3.0.0"
    resolved "https://registry.npmjs.org/js2xmlparser/-/js2xmlparser-3.0.0.tgz"
    integrity sha1-P7YOqgicVED5MZ9RdgzNB+JJlzM=
    dependencies:
      xmlcreate "^1.0.1"
  
  jsbn@~0.1.0:
    version "0.1.1"
    resolved "https://registry.npmjs.org/jsbn/-/jsbn-0.1.1.tgz"
    integrity sha1-peZUwuWi3rXyAdls77yoDA7y9RM=
  
  json-schema-traverse@^0.4.1:
    version "0.4.1"
    resolved "https://registry.npmjs.org/json-schema-traverse/-/json-schema-traverse-0.4.1.tgz"
    integrity sha512-xbbCH5dCYU5T8LcEhhuh7HJ88HXuW3qsI3Y0zOZFKfZEHcpWiHU/Jxzk629Brsab/mMiHQti9wMP+845RPe3Vg==
  
  json-schema@0.2.3:
    version "0.2.3"
    resolved "https://registry.npmjs.org/json-schema/-/json-schema-0.2.3.tgz"
    integrity sha1-tIDIkuWaLwWVTOcnvT8qTogvnhM=
  
  json-stringify-safe@~5.0.1:
    version "5.0.1"
    resolved "https://registry.npmjs.org/json-stringify-safe/-/json-stringify-safe-5.0.1.tgz"
    integrity sha1-Epai1Y/UXxmg9s4B1lcB4sc1tus=
  
  jsonfile@^4.0.0:
    version "4.0.0"
    resolved "https://registry.npmjs.org/jsonfile/-/jsonfile-4.0.0.tgz"
    integrity sha1-h3Gq4HmbZAdrdmQPygWPnBDjPss=
    optionalDependencies:
      graceful-fs "^4.1.6"
  
  jsprim@^1.2.2:
    version "1.4.1"
    resolved "https://registry.npmjs.org/jsprim/-/jsprim-1.4.1.tgz"
    integrity sha1-MT5mvB5cwG5Di8G3SZwuXFastqI=
    dependencies:
      assert-plus "1.0.0"
      extsprintf "1.3.0"
      json-schema "0.2.3"
      verror "1.10.0"
  
  jszip@^3.1.3:
    version "3.6.0"
    resolved "https://registry.npmjs.org/jszip/-/jszip-3.6.0.tgz"
    integrity sha512-jgnQoG9LKnWO3mnVNBnfhkh0QknICd1FGSrXcgrl67zioyJ4wgx25o9ZqwNtrROSflGBCGYnJfjrIyRIby1OoQ==
    dependencies:
      lie "~3.3.0"
      pako "~1.0.2"
      readable-stream "~2.3.6"
      set-immediate-shim "~1.0.1"
  
  lcid@^2.0.0:
    version "2.0.0"
    resolved "https://registry.npmjs.org/lcid/-/lcid-2.0.0.tgz"
    integrity sha512-avPEb8P8EGnwXKClwsNUgryVjllcRqtMYa49NTsbQagYuT1DcXnl1915oxWjoyGrXR6zH/Y0Zc96xWsPcoDKeA==
    dependencies:
      invert-kv "^2.0.0"
  
  levn@~0.3.0:
    version "0.3.0"
    resolved "https://registry.npmjs.org/levn/-/levn-0.3.0.tgz"
    integrity sha1-OwmSTt+fCDwEkP3UwLxEIeBHZO4=
    dependencies:
      prelude-ls "~1.1.2"
      type-check "~0.3.2"
  
  lie@~3.3.0:
    version "3.3.0"
    resolved "https://registry.npmjs.org/lie/-/lie-3.3.0.tgz"
    integrity sha512-UaiMJzeWRlEujzAuw5LokY1L5ecNQYZKfmyZ9L7wDHb/p5etKaxXhohBcrw0EYby+G/NA52vRSN4N39dxHAIwQ==
    dependencies:
      immediate "~3.0.5"
  
  locate-path@^3.0.0:
    version "3.0.0"
    resolved "https://registry.npmjs.org/locate-path/-/locate-path-3.0.0.tgz"
    integrity sha512-7AO748wWnIhNqAuaty2ZWHkQHRSNfPVIsPIfwEOWO22AmaoVrWavlOcMR5nzTLNYvp36X220/maaRsrec1G65A==
    dependencies:
      p-locate "^3.0.0"
      path-exists "^3.0.0"
  
  lodash@^4.17.15:
    version "4.17.21"
    resolved "https://registry.npmjs.org/lodash/-/lodash-4.17.21.tgz"
    integrity sha512-v2kDEe57lecTulaDIuNTPy3Ry4gLGJ6Z1O3vE1krgXZNrsQ+LFTGHVxVjcXPs17LhbZVGedAJv8XZ1tvj5FvSg==
  
  lru-cache@^5.1.1:
    version "5.1.1"
    resolved "https://registry.npmjs.org/lru-cache/-/lru-cache-5.1.1.tgz"
    integrity sha512-KpNARQA3Iwv+jTA0utUVVbrh+Jlrr1Fv0e56GGzAFOXN7dk/FviaDW8LHmK52DlcH4WP2n6gI8vN1aesBFgo9w==
    dependencies:
      yallist "^3.0.2"
  
  lru-cache@^6.0.0:
    version "6.0.0"
    resolved "https://registry.npmjs.org/lru-cache/-/lru-cache-6.0.0.tgz"
    integrity sha512-Jo6dJ04CmSjuznwJSS3pUeWmd/H0ffTlkXXgwZi+eq1UCmqQwCh+eLsYOYCwY991i2Fah4h1BEMCx4qThGbsiA==
    dependencies:
      yallist "^4.0.0"
  
  map-age-cleaner@^0.1.1:
    version "0.1.3"
    resolved "https://registry.npmjs.org/map-age-cleaner/-/map-age-cleaner-0.1.3.tgz"
    integrity sha512-bJzx6nMoP6PDLPBFmg7+xRKeFZvFboMrGlxmNj9ClvX53KrmvM5bXFXEWjbz4cz1AFn+jWJ9z/DJSz7hrs0w3w==
    dependencies:
      p-defer "^1.0.0"
  
  mem@^4.0.0:
    version "4.3.0"
    resolved "https://registry.npmjs.org/mem/-/mem-4.3.0.tgz"
    integrity sha512-qX2bG48pTqYRVmDB37rn/6PT7LcR8T7oAX3bf99u1Tt1nzxYfxkgqDwUwolPlXweM0XzBOBFzSx4kfp7KP1s/w==
    dependencies:
      map-age-cleaner "^0.1.1"
      mimic-fn "^2.0.0"
      p-is-promise "^2.0.0"
  
  methods@^1.1.2:
    version "1.1.2"
    resolved "https://registry.npmjs.org/methods/-/methods-1.1.2.tgz"
    integrity sha1-VSmk1nZUE07cxSZmVoNbD4Ua/O4=
  
  mime-db@1.48.0:
    version "1.48.0"
    resolved "https://registry.npmjs.org/mime-db/-/mime-db-1.48.0.tgz"
    integrity sha512-FM3QwxV+TnZYQ2aRqhlKBMHxk10lTbMt3bBkMAp54ddrNeVSfcQYOOKuGuy3Ddrm38I04If834fOUSq1yzslJQ==
  
  mime-types@^2.1.12, mime-types@~2.1.19:
    version "2.1.31"
    resolved "https://registry.npmjs.org/mime-types/-/mime-types-2.1.31.tgz"
    integrity sha512-XGZnNzm3QvgKxa8dpzyhFTHmpP3l5YNusmne07VUOXxou9CqUqYa/HBy124RqtVh/O2pECas/MOcsDgpilPOPg==
    dependencies:
      mime-db "1.48.0"
  
  mime@^2.3.1, mime@^2.4.6:
    version "2.5.2"
    resolved "https://registry.npmjs.org/mime/-/mime-2.5.2.tgz"
    integrity sha512-tqkh47FzKeCPD2PUiPB6pkbMzsCasjxAfC62/Wap5qrUWcb+sFasXUC5I3gYM5iBM8v/Qpn4UK0x+j0iHyFPDg==
  
  mimic-fn@^2.0.0:
    version "2.1.0"
    resolved "https://registry.npmjs.org/mimic-fn/-/mimic-fn-2.1.0.tgz"
    integrity sha512-OqbOk5oEQeAZ8WXWydlu9HJjz9WVdEIvamMCcXmuqUYjTknH/sqsWvhQ3vgwKFRR1HpjvNBKQ37nbJgYzGqGcg==
  
  minimatch@^3.0.4:
    version "3.0.4"
    resolved "https://registry.npmjs.org/minimatch/-/minimatch-3.0.4.tgz"
    integrity sha512-yJHVQEhyqPLUTgt9B83PXu6W3rx4MvvHvSUvToogpwoGDOUQ+yDrR0HRot+yOCdCO7u4hX3pWft6kWBBcqh0UA==
    dependencies:
      brace-expansion "^1.1.7"
  
  minimist@^1.2.0:
    version "1.2.5"
    resolved "https://registry.npmjs.org/minimist/-/minimist-1.2.5.tgz"
    integrity sha512-FM9nNUYrRBAELZQT3xeZQ7fmMOBg6nWNmJKTcgsJeaLstP/UODVpGsr5OhXhhXg6f+qtJ8uiZ+PUxkDWcgIXLw==
  
  ms@2.1.2:
    version "2.1.2"
    resolved "https://registry.npmjs.org/ms/-/ms-2.1.2.tgz"
    integrity sha512-sGkPx+VjMtmA6MX27oA4FBFELFCZZ4S4XqeGOXCv68tT+jb3vk/RyaKWP0PTKyWtmLSM0b+adUTEvbs1PEaH2w==
  
  ms@^2.1.1:
    version "2.1.3"
    resolved "https://registry.npmjs.org/ms/-/ms-2.1.3.tgz"
    integrity sha512-6FlzubTLZG3J2a/NVCAleEhjzq5oxgHyaCU9yYXvcLsvoVaHJq/s5xXI6/XXP6tz7R9xAOtHnSO/tXtF3WRTlA==
  
  netmask@^2.0.1:
    version "2.0.2"
    resolved "https://registry.npmjs.org/netmask/-/netmask-2.0.2.tgz"
    integrity sha512-dBpDMdxv9Irdq66304OLfEmQ9tbNRFnFTuZiLo+bD+r332bBmMJ8GBLXklIXXgxd3+v9+KUnZaUR5PJMa75Gsg==
  
  nice-try@^1.0.4:
    version "1.0.5"
    resolved "https://registry.npmjs.org/nice-try/-/nice-try-1.0.5.tgz"
    integrity sha512-1nh45deeb5olNY7eX82BkPO7SSxR5SSYJiPTrTdFUVYwAl8CKMA5N9PjTYkHiRjisVcxcQ1HXdLhx2qxxJzLNQ==
  
  node.js@0.0.1-security:
    version "0.0.1-security"
    resolved "https://registry.npmjs.org/node.js/-/node.js-0.0.1-security.tgz"
    integrity sha512-8tWQiyg/3ggdLTrtfgj/NxmZpC20eB1U5VNkqt2dbelpcr3NrfjpEE3DgifpBOCJ4Xu9Obvu8iju63ViQW3Hvg==
  
  nodejs@0.0.0:
    version "0.0.0"
    resolved "https://registry.npmjs.org/nodejs/-/nodejs-0.0.0.tgz"
    integrity sha1-RyL6LhisTrc6Qq4W0B41hKErdTE=
  
  npm-run-path@^2.0.0:
    version "2.0.2"
    resolved "https://registry.npmjs.org/npm-run-path/-/npm-run-path-2.0.2.tgz"
    integrity sha1-NakjLfo11wZ7TLLd8jV7GHFTbF8=
    dependencies:
      path-key "^2.0.0"
  
  number-is-nan@^1.0.0:
    version "1.0.1"
    resolved "https://registry.npmjs.org/number-is-nan/-/number-is-nan-1.0.1.tgz"
    integrity sha1-CXtgK1NCKlIsGvuHkDGDNpQaAR0=
  
  oauth-sign@~0.9.0:
    version "0.9.0"
    resolved "https://registry.npmjs.org/oauth-sign/-/oauth-sign-0.9.0.tgz"
    integrity sha512-fexhUFFPTGV8ybAtSIGbV6gOkSv8UtRbDBnAyLQw4QPKkgNlsH2ByPGtMUqdWkos6YCRmAqViwgZrJc/mRDzZQ==
  
  object-assign@^4.0.1, object-assign@^4.1.1:
    version "4.1.1"
    resolved "https://registry.npmjs.org/object-assign/-/object-assign-4.1.1.tgz"
    integrity sha1-IQmtx5ZYh8/AXLvUQsrIv7s2CGM=
  
  object-inspect@^1.9.0:
    version "1.10.3"
    resolved "https://registry.npmjs.org/object-inspect/-/object-inspect-1.10.3.tgz"
    integrity sha512-e5mCJlSH7poANfC8z8S9s9S2IN5/4Zb3aZ33f5s8YqoazCFzNLloLU8r5VCG+G7WoqLvAAZoVMcy3tp/3X0Plw==
  
  once@^1.3.0, once@^1.3.1, once@^1.4.0:
    version "1.4.0"
    resolved "https://registry.npmjs.org/once/-/once-1.4.0.tgz"
    integrity sha1-WDsap3WWHUsROsF9nFC6753Xa9E=
    dependencies:
      wrappy "1"
  
  optionator@^0.8.1:
    version "0.8.3"
    resolved "https://registry.npmjs.org/optionator/-/optionator-0.8.3.tgz"
    integrity sha512-+IW9pACdk3XWmmTXG8m3upGUJst5XRGzxMRjXzAuJ1XnIFNvfhjjIuYkDvysnPQ7qzqVzLt78BCruntqRhWQbA==
    dependencies:
      deep-is "~0.1.3"
      fast-levenshtein "~2.0.6"
      levn "~0.3.0"
      prelude-ls "~1.1.2"
      type-check "~0.3.2"
      word-wrap "~1.2.3"
  
  os-locale@^3.0.0:
    version "3.1.0"
    resolved "https://registry.npmjs.org/os-locale/-/os-locale-3.1.0.tgz"
    integrity sha512-Z8l3R4wYWM40/52Z+S265okfFj8Kt2cC2MKY+xNi3kFs+XGI7WXu/I309QQQYbRW4ijiZ+yxs9pqEhJh0DqW3Q==
    dependencies:
      execa "^1.0.0"
      lcid "^2.0.0"
      mem "^4.0.0"
  
  os-tmpdir@~1.0.1:
    version "1.0.2"
    resolved "https://registry.npmjs.org/os-tmpdir/-/os-tmpdir-1.0.2.tgz"
    integrity sha1-u+Z0BseaqFxc/sdm/lc0VV36EnQ=
  
  p-defer@^1.0.0:
    version "1.0.0"
    resolved "https://registry.npmjs.org/p-defer/-/p-defer-1.0.0.tgz"
    integrity sha1-n26xgvbJqozXQwBKfU+WsZaw+ww=
  
  p-finally@^1.0.0:
    version "1.0.0"
    resolved "https://registry.npmjs.org/p-finally/-/p-finally-1.0.0.tgz"
    integrity sha1-P7z7FbiZpEEjs0ttzBi3JDNqLK4=
  
  p-is-promise@^2.0.0:
    version "2.1.0"
    resolved "https://registry.npmjs.org/p-is-promise/-/p-is-promise-2.1.0.tgz"
    integrity sha512-Y3W0wlRPK8ZMRbNq97l4M5otioeA5lm1z7bkNkxCka8HSPjR0xRWmpCmc9utiaLP9Jb1eD8BgeIxTW4AIF45Pg==
  
  p-limit@^2.0.0:
    version "2.3.0"
    resolved "https://registry.npmjs.org/p-limit/-/p-limit-2.3.0.tgz"
    integrity sha512-//88mFWSJx8lxCzwdAABTJL2MyWB12+eIY7MDL2SqLmAkeKU9qxRvWuSyTjm3FUmpBEMuFfckAIqEaVGUDxb6w==
    dependencies:
      p-try "^2.0.0"
  
  p-locate@^3.0.0:
    version "3.0.0"
    resolved "https://registry.npmjs.org/p-locate/-/p-locate-3.0.0.tgz"
    integrity sha512-x+12w/To+4GFfgJhBEpiDcLozRJGegY+Ei7/z0tSLkMmxGZNybVMSfWj9aJn8Z5Fc7dBUNJOOVgPv2H7IwulSQ==
    dependencies:
      p-limit "^2.0.0"
  
  p-try@^2.0.0:
    version "2.2.0"
    resolved "https://registry.npmjs.org/p-try/-/p-try-2.2.0.tgz"
    integrity sha512-R4nPAVTAU0B9D35/Gk3uJf/7XYbQcyohSKdvAxIRSNghFl4e71hVoGnBNQz9cWaXxO2I10KTC+3jMdvvoKw6dQ==
  
  pac-proxy-agent@^4.1.0:
    version "4.1.0"
    resolved "https://registry.npmjs.org/pac-proxy-agent/-/pac-proxy-agent-4.1.0.tgz"
    integrity sha512-ejNgYm2HTXSIYX9eFlkvqFp8hyJ374uDf0Zq5YUAifiSh1D6fo+iBivQZirGvVv8dCYUsLhmLBRhlAYvBKI5+Q==
    dependencies:
      "@tootallnate/once" "1"
      agent-base "6"
      debug "4"
      get-uri "3"
      http-proxy-agent "^4.0.1"
      https-proxy-agent "5"
      pac-resolver "^4.1.0"
      raw-body "^2.2.0"
      socks-proxy-agent "5"
  
  pac-resolver@^4.1.0:
    version "4.2.0"
    resolved "https://registry.npmjs.org/pac-resolver/-/pac-resolver-4.2.0.tgz"
    integrity sha512-rPACZdUyuxT5Io/gFKUeeZFfE5T7ve7cAkE5TUZRRfuKP0u5Hocwe48X7ZEm6mYB+bTB0Qf+xlVlA/RM/i6RCQ==
    dependencies:
      degenerator "^2.2.0"
      ip "^1.1.5"
      netmask "^2.0.1"
  
  pako@~1.0.2:
    version "1.0.11"
    resolved "https://registry.npmjs.org/pako/-/pako-1.0.11.tgz"
    integrity sha512-4hLB8Py4zZce5s4yd9XzopqwVv/yGNhV1Bl8NTmCq1763HeK2+EwVTv+leGeL13Dnh2wfbqowVPXCIO0z4taYw==
  
  path-exists@^3.0.0:
    version "3.0.0"
    resolved "https://registry.npmjs.org/path-exists/-/path-exists-3.0.0.tgz"
    integrity sha1-zg6+ql94yxiSXqfYENe1mwEP1RU=
  
  path-is-absolute@^1.0.0:
    version "1.0.1"
    resolved "https://registry.npmjs.org/path-is-absolute/-/path-is-absolute-1.0.1.tgz"
    integrity sha1-F0uSaHNVNP+8es5r9TpanhtcX18=
  
  path-is-inside@^1.0.1:
    version "1.0.2"
    resolved "https://registry.npmjs.org/path-is-inside/-/path-is-inside-1.0.2.tgz"
    integrity sha1-NlQX3t5EQw0cEa9hAn+s8HS9/FM=
  
  path-key@^2.0.0, path-key@^2.0.1:
    version "2.0.1"
    resolved "https://registry.npmjs.org/path-key/-/path-key-2.0.1.tgz"
    integrity sha1-QRyttXTFoUDTpLGRDUDYDMn0C0A=
  
  path-key@^3.1.0:
    version "3.1.1"
    resolved "https://registry.npmjs.org/path-key/-/path-key-3.1.1.tgz"
    integrity sha512-ojmeN0qd+y0jszEtoY48r0Peq5dwMEkIlCOu6Q5f41lfkswXuKtYrhgoTpLnyIcHm24Uhqx+5Tqm2InSwLhE6Q==
  
  pathval@^1.1.1:
    version "1.1.1"
    resolved "https://registry.npmjs.org/pathval/-/pathval-1.1.1.tgz"
    integrity sha512-Dp6zGqpTdETdR63lehJYPeIOqpiNBNtc7BpWSLrOje7UaIsE5aY92r/AunQA7rsXvet3lrJ3JnZX29UPTKXyKQ==
  
  performance-now@^2.1.0:
    version "2.1.0"
    resolved "https://registry.npmjs.org/performance-now/-/performance-now-2.1.0.tgz"
    integrity sha1-Ywn04OX6kT7BxpMHrjZLSzd8nns=
  
  pify@^2.0.0:
    version "2.3.0"
    resolved "https://registry.npmjs.org/pify/-/pify-2.3.0.tgz"
    integrity sha1-7RQaasBDqEnqWISY59yosVMw6Qw=
  
  pinkie-promise@^2.0.0:
    version "2.0.1"
    resolved "https://registry.npmjs.org/pinkie-promise/-/pinkie-promise-2.0.1.tgz"
    integrity sha1-ITXW36ejWMBprJsXh3YogihFD/o=
    dependencies:
      pinkie "^2.0.0"
  
  pinkie@^2.0.0:
    version "2.0.4"
    resolved "https://registry.npmjs.org/pinkie/-/pinkie-2.0.4.tgz"
    integrity sha1-clVrgM+g1IqXToDnckjoDtT3+HA=
  
  prelude-ls@~1.1.2:
    version "1.1.2"
    resolved "https://registry.npmjs.org/prelude-ls/-/prelude-ls-1.1.2.tgz"
    integrity sha1-IZMqVJ9eUv/ZqCf1cOBL5iqX2lQ=
  
  process-nextick-args@~2.0.0:
    version "2.0.1"
    resolved "https://registry.npmjs.org/process-nextick-args/-/process-nextick-args-2.0.1.tgz"
    integrity sha512-3ouUOpQhtgrbOa17J7+uxOTpITYWaGP7/AhoR3+A+/1e9skrzelGi/dXzEYyvbxubEF6Wn2ypscTKiKJFFn1ag==
  
  protractor-fail-fast@^3.1.0:
    version "3.1.0"
    resolved "https://registry.npmjs.org/protractor-fail-fast/-/protractor-fail-fast-3.1.0.tgz"
    integrity sha512-OjuIFmY7hm5R/Msmioyg3aBevySpmpIgtm2TGUvMEqTzviPk/Fqd1HYmMjIQ+NzFMzrK+93LJa4civDvw1+hEg==
    dependencies:
      jasmine-fail-fast "~2.0.0"
  
  protractor@~5.4.2:
    version "5.4.4"
    resolved "https://registry.npmjs.org/protractor/-/protractor-5.4.4.tgz"
    integrity sha512-BaL4vePgu3Vfa/whvTUAlgaCAId4uNSGxIFSCXMgj7LMYENPWLp85h5RBi9pdpX/bWQ8SF6flP7afmi2TC4eHw==
    dependencies:
      "@types/q" "^0.0.32"
      "@types/selenium-webdriver" "^3.0.0"
      blocking-proxy "^1.0.0"
      browserstack "^1.5.1"
      chalk "^1.1.3"
      glob "^7.0.3"
      jasmine "2.8.0"
      jasminewd2 "^2.1.0"
      q "1.4.1"
      saucelabs "^1.5.0"
      selenium-webdriver "3.6.0"
      source-map-support "~0.4.0"
      webdriver-js-extender "2.1.0"
      webdriver-manager "^12.0.6"
      yargs "^12.0.5"
  
  proxy-agent@^4.0.0:
    version "4.0.1"
    resolved "https://registry.npmjs.org/proxy-agent/-/proxy-agent-4.0.1.tgz"
    integrity sha512-ODnQnW2jc/FUVwHHuaZEfN5otg/fMbvMxz9nMSUQfJ9JU7q2SZvSULSsjLloVgJOiv9yhc8GlNMKc4GkFmcVEA==
    dependencies:
      agent-base "^6.0.0"
      debug "4"
      http-proxy-agent "^4.0.0"
      https-proxy-agent "^5.0.0"
      lru-cache "^5.1.1"
      pac-proxy-agent "^4.1.0"
      proxy-from-env "^1.0.0"
      socks-proxy-agent "^5.0.0"
  
  proxy-from-env@^1.0.0:
    version "1.1.0"
    resolved "https://registry.npmjs.org/proxy-from-env/-/proxy-from-env-1.1.0.tgz"
    integrity sha512-D+zkORCbA9f1tdWRK0RaCR3GPv50cMxcrz4X8k5LTSUD1Dkw47mKJEZQNunItRTkWwgtaUSo1RVFRIG9ZXiFYg==
  
  psl@^1.1.28:
    version "1.8.0"
    resolved "https://registry.npmjs.org/psl/-/psl-1.8.0.tgz"
    integrity sha512-RIdOzyoavK+hA18OGGWDqUTsCLhtA7IcZ/6NCs4fFJaHBDab+pDDmDIByWFRQJq2Cd7r1OoQxBGKOaztq+hjIQ==
  
  pump@^3.0.0:
    version "3.0.0"
    resolved "https://registry.npmjs.org/pump/-/pump-3.0.0.tgz"
    integrity sha512-LwZy+p3SFs1Pytd/jYct4wpv49HiYCqd9Rlc5ZVdk0V+8Yzv6jR5Blk3TRmPL1ft69TxP0IMZGJ+WPFU2BFhww==
    dependencies:
      end-of-stream "^1.1.0"
      once "^1.3.1"
  
  punycode@^2.1.0, punycode@^2.1.1:
    version "2.1.1"
    resolved "https://registry.npmjs.org/punycode/-/punycode-2.1.1.tgz"
    integrity sha512-XRsRjdf+j5ml+y/6GKHPZbrF/8p2Yga0JPtdqTIY2Xe5ohJPD9saDJJLPvp9+NSBprVvevdXZybnj2cv8OEd0A==
  
  q@1.4.1, q@^1.4.1:
    version "1.4.1"
    resolved "https://registry.npmjs.org/q/-/q-1.4.1.tgz"
    integrity sha1-VXBbzZPF82c1MMLCy8DCs63cKG4=
  
  qs@^6.9.4:
    version "6.10.1"
    resolved "https://registry.npmjs.org/qs/-/qs-6.10.1.tgz"
    integrity sha512-M528Hph6wsSVOBiYUnGf+K/7w0hNshs/duGsNXPUCLH5XAqjEtiPGwNONLV0tBH8NoGb0mvD5JubnUTrujKDTg==
    dependencies:
      side-channel "^1.0.4"
  
  qs@~6.5.2:
    version "6.5.2"
    resolved "https://registry.npmjs.org/qs/-/qs-6.5.2.tgz"
    integrity sha512-N5ZAX4/LxJmF+7wN74pUD6qAh9/wnvdQcjq9TZjevvXzSUo7bfmw91saqMjzGS2xq91/odN2dW/WOl7qQHNDGA==
  
  raw-body@^2.2.0:
    version "2.4.1"
    resolved "https://registry.npmjs.org/raw-body/-/raw-body-2.4.1.tgz"
    integrity sha512-9WmIKF6mkvA0SLmA2Knm9+qj89e+j1zqgyn8aXGd7+nAduPoqgI9lO57SAZNn/Byzo5P7JhXTyg9PzaJbH73bA==
    dependencies:
      bytes "3.1.0"
      http-errors "1.7.3"
      iconv-lite "0.4.24"
      unpipe "1.0.0"
  
  readable-stream@1.1.x:
    version "1.1.14"
    resolved "https://registry.npmjs.org/readable-stream/-/readable-stream-1.1.14.tgz"
    integrity sha1-fPTFTvZI44EwhMY23SB54WbAgdk=
    dependencies:
      core-util-is "~1.0.0"
      inherits "~2.0.1"
      isarray "0.0.1"
      string_decoder "~0.10.x"
  
  readable-stream@^3.6.0:
    version "3.6.0"
    resolved "https://registry.npmjs.org/readable-stream/-/readable-stream-3.6.0.tgz"
    integrity sha512-BViHy7LKeTz4oNnkcLJ+lVSL6vpiFeX6/d3oSH8zCW7UxP2onchk+vTGB143xuFjHS3deTgkKoXXymXqymiIdA==
    dependencies:
      inherits "^2.0.3"
      string_decoder "^1.1.1"
      util-deprecate "^1.0.1"
  
  readable-stream@~2.3.6:
    version "2.3.7"
    resolved "https://registry.npmjs.org/readable-stream/-/readable-stream-2.3.7.tgz"
    integrity sha512-Ebho8K4jIbHAxnuxi7o42OrZgF/ZTNcsZj6nRKyUmkhLFq8CHItp/fy6hQZuZmP/n3yZ9VBUbp4zz/mX8hmYPw==
    dependencies:
      core-util-is "~1.0.0"
      inherits "~2.0.3"
      isarray "~1.0.0"
      process-nextick-args "~2.0.0"
      safe-buffer "~5.1.1"
      string_decoder "~1.1.1"
      util-deprecate "~1.0.1"
  
  request@^2.72.0, request@^2.87.0:
    version "2.88.2"
    resolved "https://registry.npmjs.org/request/-/request-2.88.2.tgz"
    integrity sha512-MsvtOrfG9ZcrOwAW+Qi+F6HbD0CWXEh9ou77uOb7FM2WPhwT7smM833PzanhJLsgXjN89Ir6V2PczXNnMpwKhw==
    dependencies:
      aws-sign2 "~0.7.0"
      aws4 "^1.8.0"
      caseless "~0.12.0"
      combined-stream "~1.0.6"
      extend "~3.0.2"
      forever-agent "~0.6.1"
      form-data "~2.3.2"
      har-validator "~5.1.3"
      http-signature "~1.2.0"
      is-typedarray "~1.0.0"
      isstream "~0.1.2"
      json-stringify-safe "~5.0.1"
      mime-types "~2.1.19"
      oauth-sign "~0.9.0"
      performance-now "^2.1.0"
      qs "~6.5.2"
      safe-buffer "^5.1.2"
      tough-cookie "~2.5.0"
      tunnel-agent "^0.6.0"
      uuid "^3.3.2"
  
  require-directory@^2.1.1:
    version "2.1.1"
    resolved "https://registry.npmjs.org/require-directory/-/require-directory-2.1.1.tgz"
    integrity sha1-jGStX9MNqxyXbiNE/+f3kqam30I=
  
  require-main-filename@^1.0.1:
    version "1.0.1"
    resolved "https://registry.npmjs.org/require-main-filename/-/require-main-filename-1.0.1.tgz"
    integrity sha1-l/cXtp1IeE9fUmpsWqj/3aBVpNE=
  
  require.js@^1.0.0:
    version "1.0.0"
    resolved "https://registry.npmjs.org/require.js/-/require.js-1.0.0.tgz"
    integrity sha1-cfoyczZq9EJ7AmWiGL5eYu1PkMg=
  
  rimraf@^2.2.8, rimraf@^2.5.2, rimraf@^2.5.4:
    version "2.7.1"
    resolved "https://registry.npmjs.org/rimraf/-/rimraf-2.7.1.tgz"
    integrity sha512-uWjbaKIK3T1OSVptzX7Nl6PvQ3qAGtKEtVRjRuazjfL3Bx5eI409VZSqgND+4UNnmzLVdPj9FqFJNPqBZFve4w==
    dependencies:
      glob "^7.1.3"
  
  safe-buffer@^5.0.1, safe-buffer@^5.1.2, safe-buffer@~5.1.0, safe-buffer@~5.1.1:
    version "5.1.2"
    resolved "https://registry.npmjs.org/safe-buffer/-/safe-buffer-5.1.2.tgz"
    integrity sha512-Gd2UZBJDkXlY7GbJxfsE8/nvKkUEU1G38c1siN6QP6a9PT9MmHB8GnpscSmMJSoF8LOIrt8ud/wPtojys4G6+g==
  
  "safer-buffer@>= 2.1.2 < 3", safer-buffer@^2.0.2, safer-buffer@^2.1.0, safer-buffer@~2.1.0:
    version "2.1.2"
    resolved "https://registry.npmjs.org/safer-buffer/-/safer-buffer-2.1.2.tgz"
    integrity sha512-YZo3K82SD7Riyi0E1EQPojLz7kpepnSQI9IyPbHHg1XXXevb5dJI7tpyN2ADxGcQbHG7vcyRHk0cbwqcQriUtg==
  
  saucelabs@^1.5.0:
    version "1.5.0"
    resolved "https://registry.npmjs.org/saucelabs/-/saucelabs-1.5.0.tgz"
    integrity sha512-jlX3FGdWvYf4Q3LFfFWS1QvPg3IGCGWxIc8QBFdPTbpTJnt/v17FHXYVAn7C8sHf1yUXo2c7yIM0isDryfYtHQ==
    dependencies:
      https-proxy-agent "^2.2.1"
  
  sax@>=0.6.0:
    version "1.2.4"
    resolved "https://registry.npmjs.org/sax/-/sax-1.2.4.tgz"
    integrity sha512-NqVDv9TpANUjFm0N8uM5GxL36UgKi9/atZw+x7YFnQ8ckwFGKrl4xX4yWtrey3UJm5nP1kUbnYgLopqWNSRhWw==
  
  selenium-webdriver@3.6.0, selenium-webdriver@^3.0.1:
    version "3.6.0"
    resolved "https://registry.npmjs.org/selenium-webdriver/-/selenium-webdriver-3.6.0.tgz"
    integrity sha512-WH7Aldse+2P5bbFBO4Gle/nuQOdVwpHMTL6raL3uuBj/vPG07k6uzt3aiahu352ONBr5xXh0hDlM3LhtXPOC4Q==
    dependencies:
      jszip "^3.1.3"
      rimraf "^2.5.4"
      tmp "0.0.30"
      xml2js "^0.4.17"
  
  semver@^5.3.0, semver@^5.5.0:
    version "5.7.1"
    resolved "https://registry.npmjs.org/semver/-/semver-5.7.1.tgz"
    integrity sha512-sauaDf/PZdVgrLTNYHRtpXa1iRiKcaebiKQ1BJdpQlWH2lCvexQdX55snPFyK7QzpudqbCI0qXFfOasHdyNDGQ==
  
  semver@^7.3.2:
    version "7.3.5"
    resolved "https://registry.npmjs.org/semver/-/semver-7.3.5.tgz"
    integrity sha512-PoeGJYh8HK4BTO/a9Tf6ZG3veo/A7ZVsYrSA6J8ny9nb3B1VrpkuN+z9OE5wfE5p6H4LchYZsegiQgbJD94ZFQ==
    dependencies:
      lru-cache "^6.0.0"
  
  set-blocking@^2.0.0:
    version "2.0.0"
    resolved "https://registry.npmjs.org/set-blocking/-/set-blocking-2.0.0.tgz"
    integrity sha1-BF+XgtARrppoA93TgrJDkrPYkPc=
  
  set-immediate-shim@~1.0.1:
    version "1.0.1"
    resolved "https://registry.npmjs.org/set-immediate-shim/-/set-immediate-shim-1.0.1.tgz"
    integrity sha1-SysbJ+uAip+NzEgaWOXlb1mfP2E=
  
  setprototypeof@1.1.1:
    version "1.1.1"
    resolved "https://registry.npmjs.org/setprototypeof/-/setprototypeof-1.1.1.tgz"
    integrity sha512-JvdAWfbXeIGaZ9cILp38HntZSFSo3mWg6xGcJJsd+d4aRMOqauag1C63dJfDw7OaMYwEbHMOxEZ1lqVRYP2OAw==
  
  shebang-command@^1.2.0:
    version "1.2.0"
    resolved "https://registry.npmjs.org/shebang-command/-/shebang-command-1.2.0.tgz"
    integrity sha1-RKrGW2lbAzmJaMOfNj/uXer98eo=
    dependencies:
      shebang-regex "^1.0.0"
  
  shebang-command@^2.0.0:
    version "2.0.0"
    resolved "https://registry.npmjs.org/shebang-command/-/shebang-command-2.0.0.tgz"
    integrity sha512-kHxr2zZpYtdmrN1qDjrrX/Z1rR1kG8Dx+gkpK1G4eXmvXswmcE1hTWBWYUzlraYw1/yZp6YuDY77YtvbN0dmDA==
    dependencies:
      shebang-regex "^3.0.0"
  
  shebang-regex@^1.0.0:
    version "1.0.0"
    resolved "https://registry.npmjs.org/shebang-regex/-/shebang-regex-1.0.0.tgz"
    integrity sha1-2kL0l0DAtC2yypcoVxyxkMmO/qM=
  
  shebang-regex@^3.0.0:
    version "3.0.0"
    resolved "https://registry.npmjs.org/shebang-regex/-/shebang-regex-3.0.0.tgz"
    integrity sha512-7++dFhtcx3353uBaq8DDR4NuxBetBzC7ZQOhmTQInHEd6bSrXdiEyzCvG07Z44UYdLShWUyXt5M/yhz8ekcb1A==
  
  side-channel@^1.0.4:
    version "1.0.4"
    resolved "https://registry.npmjs.org/side-channel/-/side-channel-1.0.4.tgz"
    integrity sha512-q5XPytqFEIKHkGdiMIrY10mvLRvnQh42/+GoBlFW3b2LXLE2xxJpZFdm94we0BaoV3RwJyGqg5wS7epxTv0Zvw==
    dependencies:
      call-bind "^1.0.0"
      get-intrinsic "^1.0.2"
      object-inspect "^1.9.0"
  
  signal-exit@^3.0.0:
    version "3.0.3"
    resolved "https://registry.npmjs.org/signal-exit/-/signal-exit-3.0.3.tgz"
    integrity sha512-VUJ49FC8U1OxwZLxIbTTrDvLnf/6TDgxZcK8wxR8zs13xpx7xbG60ndBlhNrFi2EMuFRoeDoJO7wthSLq42EjA==
  
  smart-buffer@^4.1.0:
    version "4.1.0"
    resolved "https://registry.npmjs.org/smart-buffer/-/smart-buffer-4.1.0.tgz"
    integrity sha512-iVICrxOzCynf/SNaBQCw34eM9jROU/s5rzIhpOvzhzuYHfJR/DhZfDkXiZSgKXfgv26HT3Yni3AV/DGw0cGnnw==
  
  socks-proxy-agent@5, socks-proxy-agent@^5.0.0:
    version "5.0.0"
    resolved "https://registry.npmjs.org/socks-proxy-agent/-/socks-proxy-agent-5.0.0.tgz"
    integrity sha512-lEpa1zsWCChxiynk+lCycKuC502RxDWLKJZoIhnxrWNjLSDGYRFflHA1/228VkRcnv9TIb8w98derGbpKxJRgA==
    dependencies:
      agent-base "6"
      debug "4"
      socks "^2.3.3"
  
  socks@^2.3.3:
    version "2.6.1"
    resolved "https://registry.npmjs.org/socks/-/socks-2.6.1.tgz"
    integrity sha512-kLQ9N5ucj8uIcxrDwjm0Jsqk06xdpBjGNQtpXy4Q8/QY2k+fY7nZH8CARy+hkbG+SGAovmzzuauCpBlb8FrnBA==
    dependencies:
      ip "^1.1.5"
      smart-buffer "^4.1.0"
  
  source-map-support@~0.4.0:
    version "0.4.18"
    resolved "https://registry.npmjs.org/source-map-support/-/source-map-support-0.4.18.tgz"
    integrity sha512-try0/JqxPLF9nOjvSta7tVondkP5dwgyLDjVoyMDlmjugT2lRZ1OfsrYTkCd2hkDnJTKRbO/Rl3orm8vlsUzbA==
    dependencies:
      source-map "^0.5.6"
  
  source-map@^0.5.6:
    version "0.5.7"
    resolved "https://registry.npmjs.org/source-map/-/source-map-0.5.7.tgz"
    integrity sha1-igOdLRAh0i0eoUyA2OpGi6LvP8w=
  
  source-map@~0.6.1:
    version "0.6.1"
    resolved "https://registry.npmjs.org/source-map/-/source-map-0.6.1.tgz"
    integrity sha512-UjgapumWlbMhkBgzT7Ykc5YXUT46F0iKu8SGXq0bcwP5dz/h0Plj6enJqjz1Zbq2l5WaqYnrVbwWOWMyF3F47g==
  
  sshpk@^1.7.0:
    version "1.16.1"
    resolved "https://registry.npmjs.org/sshpk/-/sshpk-1.16.1.tgz"
    integrity sha512-HXXqVUq7+pcKeLqqZj6mHFUMvXtOJt1uoUx09pFW6011inTMxqI8BA8PM95myrIyyKwdnzjdFjLiE6KBPVtJIg==
    dependencies:
      asn1 "~0.2.3"
      assert-plus "^1.0.0"
      bcrypt-pbkdf "^1.0.0"
      dashdash "^1.12.0"
      ecc-jsbn "~0.1.1"
      getpass "^0.1.1"
      jsbn "~0.1.0"
      safer-buffer "^2.0.2"
      tweetnacl "~0.14.0"
  
  "statuses@>= 1.5.0 < 2":
    version "1.5.0"
    resolved "https://registry.npmjs.org/statuses/-/statuses-1.5.0.tgz"
    integrity sha1-Fhx9rBd2Wf2YEfQ3cfqZOBR4Yow=
  
  string-width@^1.0.1:
    version "1.0.2"
    resolved "https://registry.npmjs.org/string-width/-/string-width-1.0.2.tgz"
    integrity sha1-EYvfW4zcUaKn5w0hHgfisLmxB9M=
    dependencies:
      code-point-at "^1.0.0"
      is-fullwidth-code-point "^1.0.0"
      strip-ansi "^3.0.0"
  
  string-width@^2.0.0, string-width@^2.1.1:
    version "2.1.1"
    resolved "https://registry.npmjs.org/string-width/-/string-width-2.1.1.tgz"
    integrity sha512-nOqH59deCq9SRHlxq1Aw85Jnt4w6KvLKqWVik6oA9ZklXLNIOlqg4F2yrT1MVaTjAqvVwdfeZ7w7aCvJD7ugkw==
    dependencies:
      is-fullwidth-code-point "^2.0.0"
      strip-ansi "^4.0.0"
  
  string_decoder@^1.1.1, string_decoder@~1.1.1:
    version "1.1.1"
    resolved "https://registry.npmjs.org/string_decoder/-/string_decoder-1.1.1.tgz"
    integrity sha512-n/ShnvDi6FHbbVfviro+WojiFzv+s8MPMHBczVePfUpDJLwoLT0ht1l4YwBCbi8pJAveEEdnkHyPyTP/mzRfwg==
    dependencies:
      safe-buffer "~5.1.0"
  
  string_decoder@~0.10.x:
    version "0.10.31"
    resolved "https://registry.npmjs.org/string_decoder/-/string_decoder-0.10.31.tgz"
    integrity sha1-YuIDvEF2bGwoyfyEMB2rHFMQ+pQ=
  
  strip-ansi@^3.0.0, strip-ansi@^3.0.1:
    version "3.0.1"
    resolved "https://registry.npmjs.org/strip-ansi/-/strip-ansi-3.0.1.tgz"
    integrity sha1-ajhfuIU9lS1f8F0Oiq+UJ43GPc8=
    dependencies:
      ansi-regex "^2.0.0"
  
  strip-ansi@^4.0.0:
    version "4.0.0"
    resolved "https://registry.npmjs.org/strip-ansi/-/strip-ansi-4.0.0.tgz"
    integrity sha1-qEeQIusaw2iocTibY1JixQXuNo8=
    dependencies:
      ansi-regex "^3.0.0"
  
  strip-eof@^1.0.0:
    version "1.0.0"
    resolved "https://registry.npmjs.org/strip-eof/-/strip-eof-1.0.0.tgz"
    integrity sha1-u0P/VZim6wXYm1n80SnJgzE2Br8=
  
  superagent-proxy@^2.0.0:
    version "2.1.0"
    resolved "https://registry.npmjs.org/superagent-proxy/-/superagent-proxy-2.1.0.tgz"
    integrity sha512-DnarpKN6Xn8e3pYlFV4Yvsj9yxLY4q5FIsUe5JvN7vjzP+YCfzXv03dTkZSD2yzrSadsNYHf0IgOUJwKjX457A==
    dependencies:
      debug "^3.1.0"
      proxy-agent "^4.0.0"
  
  superagent@^5.1.0:
    version "5.3.1"
    resolved "https://registry.npmjs.org/superagent/-/superagent-5.3.1.tgz"
    integrity sha512-wjJ/MoTid2/RuGCOFtlacyGNxN9QLMgcpYLDQlWFIhhdJ93kNscFonGvrpAHSCVjRVj++DGCglocF7Aej1KHvQ==
    dependencies:
      component-emitter "^1.3.0"
      cookiejar "^2.1.2"
      debug "^4.1.1"
      fast-safe-stringify "^2.0.7"
      form-data "^3.0.0"
      formidable "^1.2.2"
      methods "^1.1.2"
      mime "^2.4.6"
      qs "^6.9.4"
      readable-stream "^3.6.0"
      semver "^7.3.2"
  
  supports-color@^2.0.0:
    version "2.0.0"
    resolved "https://registry.npmjs.org/supports-color/-/supports-color-2.0.0.tgz"
    integrity sha1-U10EXOa2Nj+kARcIRimZXp3zJMc=
  
  testrail-api@^1.3.5:
    version "1.3.6"
    resolved "https://registry.npmjs.org/testrail-api/-/testrail-api-1.3.6.tgz"
    integrity sha512-lYUeCpoKELYf/Pfj7GFPl3G5VFz8iAMXg+keipx8/iOwMjRwe9rs1xwaLT2UAVG7/hB6z2JY718vDgxctTs5qQ==
    dependencies:
      bluebird "^3.4.6"
      request "^2.72.0"
  
  tmp@0.0.30:
    version "0.0.30"
    resolved "https://registry.npmjs.org/tmp/-/tmp-0.0.30.tgz"
    integrity sha1-ckGdSovn1s51FI/YsyTlk6cRwu0=
    dependencies:
      os-tmpdir "~1.0.1"
  
  toidentifier@1.0.0:
    version "1.0.0"
    resolved "https://registry.npmjs.org/toidentifier/-/toidentifier-1.0.0.tgz"
    integrity sha512-yaOH/Pk/VEhBWWTlhI+qXxDFXlejDGcQipMlyxda9nthulaxLZUNcUqFxokp0vcYnvteJln5FNQDRrxj3YcbVw==
  
  tough-cookie@~2.5.0:
    version "2.5.0"
    resolved "https://registry.npmjs.org/tough-cookie/-/tough-cookie-2.5.0.tgz"
    integrity sha512-nlLsUzgm1kfLXSXfRZMc1KLAugd4hqJHDTvc2hDIwS3mZAfMEuMbc03SujMF+GEcpaX/qboeycw6iO8JwVv2+g==
    dependencies:
      psl "^1.1.28"
      punycode "^2.1.1"
  
  tslib@^2.0.1:
    version "2.2.0"
    resolved "https://registry.npmjs.org/tslib/-/tslib-2.2.0.tgz"
    integrity sha512-gS9GVHRU+RGn5KQM2rllAlR3dU6m7AcpJKdtH8gFvQiC4Otgk98XnmMU+nZenHt/+VhnBPWwgrJsyrdcw6i23w==
  
  tunnel-agent@^0.6.0:
    version "0.6.0"
    resolved "https://registry.npmjs.org/tunnel-agent/-/tunnel-agent-0.6.0.tgz"
    integrity sha1-J6XeoGs2sEoKmWZ3SykIaPD8QP0=
    dependencies:
      safe-buffer "^5.0.1"
  
  tweetnacl@^0.14.3, tweetnacl@~0.14.0:
    version "0.14.5"
    resolved "https://registry.npmjs.org/tweetnacl/-/tweetnacl-0.14.5.tgz"
    integrity sha1-WuaBd/GS1EViadEIr6k/+HQ/T2Q=
  
  type-check@~0.3.2:
    version "0.3.2"
    resolved "https://registry.npmjs.org/type-check/-/type-check-0.3.2.tgz"
    integrity sha1-WITKtRLPHTVeP7eE8wgEsrUg23I=
    dependencies:
      prelude-ls "~1.1.2"
  
  type-detect@^4.0.0, type-detect@^4.0.5:
    version "4.0.8"
    resolved "https://registry.npmjs.org/type-detect/-/type-detect-4.0.8.tgz"
    integrity sha512-0fr/mIH1dlO+x7TlcMy+bIDqKPsw/70tVyeHW787goQjhmqaZe10uwLujubK9q9Lg6Fiho1KUKDYz0Z7k7g5/g==
  
  universalify@^0.1.0:
    version "0.1.2"
    resolved "https://registry.npmjs.org/universalify/-/universalify-0.1.2.tgz"
    integrity sha512-rBJeI5CXAlmy1pV+617WB9J63U6XcazHHF2f2dbJix4XzpUF0RS3Zbj0FGIOCAva5P/d/GBOYaACQ1w+0azUkg==
  
  unpipe@1.0.0:
    version "1.0.0"
    resolved "https://registry.npmjs.org/unpipe/-/unpipe-1.0.0.tgz"
    integrity sha1-sr9O6FFKrmFltIF4KdIbLvSZBOw=
  
  uri-js@^4.2.2:
    version "4.4.1"
    resolved "https://registry.npmjs.org/uri-js/-/uri-js-4.4.1.tgz"
    integrity sha512-7rKUyy33Q1yc98pQ1DAmLtwX109F7TIfWlW1Ydo8Wl1ii1SeHieeh0HHfPeL2fMXK6z0s8ecKs9frCuLJvndBg==
    dependencies:
      punycode "^2.1.0"
  
  util-deprecate@^1.0.1, util-deprecate@~1.0.1:
    version "1.0.2"
    resolved "https://registry.npmjs.org/util-deprecate/-/util-deprecate-1.0.2.tgz"
    integrity sha1-RQ1Nyfpw3nMnYvvS1KKJgUGaDM8=
  
  uuid@^3.0.0, uuid@^3.3.2:
    version "3.4.0"
    resolved "https://registry.npmjs.org/uuid/-/uuid-3.4.0.tgz"
    integrity sha512-HjSDRw6gZE5JMggctHBcjVak08+KEVhSIiDzFnT9S9aegmp85S/bReBVTb4QTFaRNptJ9kuYaNhnbNEOkbKb/A==
  
  verror@1.10.0:
    version "1.10.0"
    resolved "https://registry.npmjs.org/verror/-/verror-1.10.0.tgz"
    integrity sha1-OhBcoXBTr1XW4nDB+CiGguGNpAA=
    dependencies:
      assert-plus "^1.0.0"
      core-util-is "1.0.2"
      extsprintf "^1.2.0"
  
  webdriver-js-extender@2.1.0:
    version "2.1.0"
    resolved "https://registry.npmjs.org/webdriver-js-extender/-/webdriver-js-extender-2.1.0.tgz"
    integrity sha512-lcUKrjbBfCK6MNsh7xaY2UAUmZwe+/ib03AjVOpFobX4O7+83BUveSrLfU0Qsyb1DaKJdQRbuU+kM9aZ6QUhiQ==
    dependencies:
      "@types/selenium-webdriver" "^3.0.0"
      selenium-webdriver "^3.0.1"
  
  webdriver-manager@^12.0.6:
    version "12.1.8"
    resolved "https://registry.npmjs.org/webdriver-manager/-/webdriver-manager-12.1.8.tgz"
    integrity sha512-qJR36SXG2VwKugPcdwhaqcLQOD7r8P2Xiv9sfNbfZrKBnX243iAkOueX1yAmeNgIKhJ3YAT/F2gq6IiEZzahsg==
    dependencies:
      adm-zip "^0.4.9"
      chalk "^1.1.1"
      del "^2.2.0"
      glob "^7.0.3"
      ini "^1.3.4"
      minimist "^1.2.0"
      q "^1.4.1"
      request "^2.87.0"
      rimraf "^2.5.2"
      semver "^5.3.0"
      xml2js "^0.4.17"
  
  which-module@^2.0.0:
    version "2.0.0"
    resolved "https://registry.npmjs.org/which-module/-/which-module-2.0.0.tgz"
    integrity sha1-2e8H3Od7mQK4o6j6SzHD4/fm6Ho=
  
  which@^1.2.9:
    version "1.3.1"
    resolved "https://registry.npmjs.org/which/-/which-1.3.1.tgz"
    integrity sha512-HxJdYWq1MTIQbJ3nw0cqssHoTNU267KlrDuGZ1WYlxDStUtKUhOaJmh112/TZmHxxUfuJqPXSOm7tDyas0OSIQ==
    dependencies:
      isexe "^2.0.0"
  
  which@^2.0.1:
    version "2.0.2"
    resolved "https://registry.npmjs.org/which/-/which-2.0.2.tgz"
    integrity sha512-BLI3Tl1TW3Pvl70l3yq3Y64i+awpwXqsGBYWkkqMtnbXgrMD+yj7rhW0kuEDxzJaYXGjEW5ogapKNMEKNMjibA==
    dependencies:
      isexe "^2.0.0"
  
  word-wrap@~1.2.3:
    version "1.2.3"
    resolved "https://registry.npmjs.org/word-wrap/-/word-wrap-1.2.3.tgz"
    integrity sha512-Hz/mrNwitNRh/HUAtM/VT/5VH+ygD6DV7mYKZAtHOrbs8U7lvPS6xf7EJKMF0uW1KJCl0H701g3ZGus+muE5vQ==
  
  wrap-ansi@^2.0.0:
    version "2.1.0"
    resolved "https://registry.npmjs.org/wrap-ansi/-/wrap-ansi-2.1.0.tgz"
    integrity sha1-2Pw9KE3QV5T+hJc8rs3Rz4JP3YU=
    dependencies:
      string-width "^1.0.1"
      strip-ansi "^3.0.1"
  
  wrappy@1:
    version "1.0.2"
    resolved "https://registry.npmjs.org/wrappy/-/wrappy-1.0.2.tgz"
    integrity sha1-tSQ9jz7BqjXxNkYFvA0QNuMKtp8=
  
  xml2js@^0.4.17:
    version "0.4.23"
    resolved "https://registry.npmjs.org/xml2js/-/xml2js-0.4.23.tgz"
    integrity sha512-ySPiMjM0+pLDftHgXY4By0uswI3SPKLDw/i3UXbnO8M/p28zqexCUoPmQFrYD+/1BzhGJSs2i1ERWKJAtiLrug==
    dependencies:
      sax ">=0.6.0"
      xmlbuilder "~11.0.0"
  
  xmlbuilder@~11.0.0:
    version "11.0.1"
    resolved "https://registry.npmjs.org/xmlbuilder/-/xmlbuilder-11.0.1.tgz"
    integrity sha512-fDlsI/kFEx7gLvbecc0/ohLG50fugQp8ryHzMTuW9vSa1GJ0XYWKnhsUx7oie3G98+r56aTQIUB4kht42R3JvA==
  
  xmlcreate@^1.0.1:
    version "1.0.2"
    resolved "https://registry.npmjs.org/xmlcreate/-/xmlcreate-1.0.2.tgz"
    integrity sha1-+mv3YqYKQT+z3Y9LA8WyaSONMI8=
  
  xregexp@2.0.0:
    version "2.0.0"
    resolved "https://registry.npmjs.org/xregexp/-/xregexp-2.0.0.tgz"
    integrity sha1-UqY+VsoLhKfzpfPWGHLxJq16WUM=
  
  "y18n@^3.2.1 || ^4.0.0":
    version "4.0.3"
    resolved "https://registry.npmjs.org/y18n/-/y18n-4.0.3.tgz"
    integrity sha512-JKhqTOwSrqNA1NY5lSztJ1GrBiUodLMmIZuLiDaMRJ+itFd+ABVE8XBjOvIWL+rSqNDC74LCSFmlb/U4UZ4hJQ==
  
  yallist@^3.0.2:
    version "3.1.1"
    resolved "https://registry.npmjs.org/yallist/-/yallist-3.1.1.tgz"
    integrity sha512-a4UGQaWPH59mOXUYnAG2ewncQS4i4F43Tv3JoAM+s2VDAmS9NsK8GpDMLrCHPksFT7h3K6TOoUNn2pb7RoXx4g==
  
  yallist@^4.0.0:
    version "4.0.0"
    resolved "https://registry.npmjs.org/yallist/-/yallist-4.0.0.tgz"
    integrity sha512-3wdGidZyq5PB084XLES5TpOSRA3wjXAlIWMhum2kRcv/41Sn2emQ0dycQW4uZXLejwKvg6EsvbdlVL+FYEct7A==
  
  yargs-parser@^11.1.1:
    version "11.1.1"
    resolved "https://registry.npmjs.org/yargs-parser/-/yargs-parser-11.1.1.tgz"
    integrity sha512-C6kB/WJDiaxONLJQnF8ccx9SEeoTTLek8RVbaOIsrAUS8VrBEXfmeSnCZxygc+XC2sNMBIwOOnfcxiynjHsVSQ==
    dependencies:
      camelcase "^5.0.0"
      decamelize "^1.2.0"
  
  yargs@^12.0.5:
    version "12.0.5"
    resolved "https://registry.npmjs.org/yargs/-/yargs-12.0.5.tgz"
    integrity sha512-Lhz8TLaYnxq/2ObqHDql8dX8CJi97oHxrjUcYtzKbbykPtVW9WB+poxI+NM2UIzsMgNCZTIf0AQwsjK5yMAqZw==
    dependencies:
      cliui "^4.0.0"
      decamelize "^1.2.0"
      find-up "^3.0.0"
      get-caller-file "^1.0.1"
      os-locale "^3.0.0"
      require-directory "^2.1.1"
      require-main-filename "^1.0.1"
      set-blocking "^2.0.0"
      string-width "^2.0.0"
      which-module "^2.0.0"
      y18n "^3.2.1 || ^4.0.0"
      yargs-parser "^11.1.1"
